[ActionDispatch::HostAuthorization::DefaultResponseApp] Blocked host: a3122fc52bf14d37a1b7d56c7b029d9b.vfs.cloud9.ap-northeast-1.amazonaws.com
Started GET "/" for 133.55.113.240 at 2022-07-03 09:06:05 +0000
Cannot render console from 133.55.113.240! Allowed networks: 127.0.0.0/127.255.255.255, ::1
  [1m[35m (4.5ms)[0m  [1m[34mSELECT sqlite_version(*)[0m
Processing by Rails::WelcomeController#index as HTML
  Rendering /home/ec2-user/.rvm/gems/ruby-2.6.3/gems/railties-6.1.6/lib/rails/templates/rails/welcome/index.html.erb
  Rendered /home/ec2-user/.rvm/gems/ruby-2.6.3/gems/railties-6.1.6/lib/rails/templates/rails/welcome/index.html.erb (Duration: 13.7ms | Allocations: 358)
Completed 200 OK in 51ms (Views: 19.3ms | ActiveRecord: 0.0ms | Allocations: 3270)


Started GET "/" for 133.55.113.240 at 2022-07-03 09:06:07 +0000
Cannot render console from 133.55.113.240! Allowed networks: 127.0.0.0/127.255.255.255, ::1
Processing by Rails::WelcomeController#index as HTML
  Rendering /home/ec2-user/.rvm/gems/ruby-2.6.3/gems/railties-6.1.6/lib/rails/templates/rails/welcome/index.html.erb
  Rendered /home/ec2-user/.rvm/gems/ruby-2.6.3/gems/railties-6.1.6/lib/rails/templates/rails/welcome/index.html.erb (Duration: 7.3ms | Allocations: 229)
Completed 200 OK in 12ms (Views: 11.1ms | ActiveRecord: 0.0ms | Allocations: 1209)


Started GET "/" for 133.55.113.240 at 2022-07-03 09:14:39 +0000
Cannot render console from 133.55.113.240! Allowed networks: 127.0.0.0/127.255.255.255, ::1
  [1m[35m (1.3ms)[0m  [1m[34mSELECT sqlite_version(*)[0m
  [1m[35m (5.7ms)[0m  [1m[35mCREATE TABLE "schema_migrations" ("version" varchar NOT NULL PRIMARY KEY)[0m
  [1m[35m (4.8ms)[0m  [1m[35mCREATE TABLE "ar_internal_metadata" ("key" varchar NOT NULL PRIMARY KEY, "value" varchar, "created_at" datetime(6) NOT NULL, "updated_at" datetime(6) NOT NULL)[0m
  [1m[35m (0.1ms)[0m  [1m[34mSELECT "schema_migrations"."version" FROM "schema_migrations" ORDER BY "schema_migrations"."version" ASC[0m
  
ActiveRecord::PendingMigrationError (

Migrations are pending. To resolve this issue, run:

        bin/rails db:migrate RAILS_ENV=development

You have 1 pending migration:

20220703090631_create_active_storage_tables.active_storage.rb


):
  
activerecord (6.1.6) lib/active_record/migration.rb:625:in `check_pending!'
activerecord (6.1.6) lib/active_record/migration.rb:590:in `block (2 levels) in call'
activesupport (6.1.6) lib/active_support/evented_file_update_checker.rb:59:in `execute'
activerecord (6.1.6) lib/active_record/migration.rb:595:in `block in call'
activerecord (6.1.6) lib/active_record/migration.rb:587:in `synchronize'
activerecord (6.1.6) lib/active_record/migration.rb:587:in `call'
actionpack (6.1.6) lib/action_dispatch/middleware/callbacks.rb:27:in `block in call'
activesupport (6.1.6) lib/active_support/callbacks.rb:98:in `run_callbacks'
actionpack (6.1.6) lib/action_dispatch/middleware/callbacks.rb:26:in `call'
actionpack (6.1.6) lib/action_dispatch/middleware/executor.rb:14:in `call'
actionpack (6.1.6) lib/action_dispatch/middleware/actionable_exceptions.rb:18:in `call'
actionpack (6.1.6) lib/action_dispatch/middleware/debug_exceptions.rb:29:in `call'
web-console (4.2.0) lib/web_console/middleware.rb:132:in `call_app'
web-console (4.2.0) lib/web_console/middleware.rb:19:in `block in call'
web-console (4.2.0) lib/web_console/middleware.rb:17:in `catch'
web-console (4.2.0) lib/web_console/middleware.rb:17:in `call'
actionpack (6.1.6) lib/action_dispatch/middleware/show_exceptions.rb:33:in `call'
railties (6.1.6) lib/rails/rack/logger.rb:37:in `call_app'
railties (6.1.6) lib/rails/rack/logger.rb:26:in `block in call'
activesupport (6.1.6) lib/active_support/tagged_logging.rb:99:in `block in tagged'
activesupport (6.1.6) lib/active_support/tagged_logging.rb:37:in `tagged'
activesupport (6.1.6) lib/active_support/tagged_logging.rb:99:in `tagged'
railties (6.1.6) lib/rails/rack/logger.rb:26:in `call'
sprockets-rails (3.4.2) lib/sprockets/rails/quiet_assets.rb:13:in `call'
actionpack (6.1.6) lib/action_dispatch/middleware/remote_ip.rb:81:in `call'
actionpack (6.1.6) lib/action_dispatch/middleware/request_id.rb:26:in `call'
rack (2.2.4) lib/rack/method_override.rb:24:in `call'
rack (2.2.4) lib/rack/runtime.rb:22:in `call'
activesupport (6.1.6) lib/active_support/cache/strategy/local_cache_middleware.rb:29:in `call'
actionpack (6.1.6) lib/action_dispatch/middleware/executor.rb:14:in `call'
actionpack (6.1.6) lib/action_dispatch/middleware/static.rb:24:in `call'
rack (2.2.4) lib/rack/sendfile.rb:110:in `call'
actionpack (6.1.6) lib/action_dispatch/middleware/host_authorization.rb:148:in `call'
rack-mini-profiler (2.3.4) lib/mini_profiler/profiler.rb:393:in `call'
webpacker (5.4.3) lib/webpacker/dev_server_proxy.rb:25:in `perform_request'
rack-proxy (0.7.2) lib/rack/proxy.rb:67:in `call'
railties (6.1.6) lib/rails/engine.rb:539:in `call'
puma (5.6.4) lib/puma/configuration.rb:252:in `call'
puma (5.6.4) lib/puma/request.rb:77:in `block in handle_request'
puma (5.6.4) lib/puma/thread_pool.rb:340:in `with_force_shutdown'
puma (5.6.4) lib/puma/request.rb:76:in `handle_request'
puma (5.6.4) lib/puma/server.rb:441:in `process_client'
puma (5.6.4) lib/puma/thread_pool.rb:147:in `block in spawn_thread'
Started GET "/" for 133.55.113.240 at 2022-07-03 09:14:43 +0000
Cannot render console from 133.55.113.240! Allowed networks: 127.0.0.0/127.255.255.255, ::1
  [1m[35m (0.1ms)[0m  [1m[34mSELECT "schema_migrations"."version" FROM "schema_migrations" ORDER BY "schema_migrations"."version" ASC[0m
  [1m[35mCACHE  (0.0ms)[0m  [1m[34mSELECT "schema_migrations"."version" FROM "schema_migrations" ORDER BY "schema_migrations"."version" ASC[0m
  
ActiveRecord::PendingMigrationError (

Migrations are pending. To resolve this issue, run:

        bin/rails db:migrate RAILS_ENV=development

You have 1 pending migration:

20220703090631_create_active_storage_tables.active_storage.rb


):
  
activerecord (6.1.6) lib/active_record/migration.rb:625:in `check_pending!'
activerecord (6.1.6) lib/active_record/migration.rb:590:in `block (2 levels) in call'
activesupport (6.1.6) lib/active_support/evented_file_update_checker.rb:59:in `execute'
activerecord (6.1.6) lib/active_record/migration.rb:595:in `block in call'
activerecord (6.1.6) lib/active_record/migration.rb:587:in `synchronize'
activerecord (6.1.6) lib/active_record/migration.rb:587:in `call'
actionpack (6.1.6) lib/action_dispatch/middleware/callbacks.rb:27:in `block in call'
activesupport (6.1.6) lib/active_support/callbacks.rb:98:in `run_callbacks'
actionpack (6.1.6) lib/action_dispatch/middleware/callbacks.rb:26:in `call'
actionpack (6.1.6) lib/action_dispatch/middleware/executor.rb:14:in `call'
actionpack (6.1.6) lib/action_dispatch/middleware/actionable_exceptions.rb:18:in `call'
actionpack (6.1.6) lib/action_dispatch/middleware/debug_exceptions.rb:29:in `call'
web-console (4.2.0) lib/web_console/middleware.rb:132:in `call_app'
web-console (4.2.0) lib/web_console/middleware.rb:19:in `block in call'
web-console (4.2.0) lib/web_console/middleware.rb:17:in `catch'
web-console (4.2.0) lib/web_console/middleware.rb:17:in `call'
actionpack (6.1.6) lib/action_dispatch/middleware/show_exceptions.rb:33:in `call'
railties (6.1.6) lib/rails/rack/logger.rb:37:in `call_app'
railties (6.1.6) lib/rails/rack/logger.rb:26:in `block in call'
activesupport (6.1.6) lib/active_support/tagged_logging.rb:99:in `block in tagged'
activesupport (6.1.6) lib/active_support/tagged_logging.rb:37:in `tagged'
activesupport (6.1.6) lib/active_support/tagged_logging.rb:99:in `tagged'
railties (6.1.6) lib/rails/rack/logger.rb:26:in `call'
sprockets-rails (3.4.2) lib/sprockets/rails/quiet_assets.rb:13:in `call'
actionpack (6.1.6) lib/action_dispatch/middleware/remote_ip.rb:81:in `call'
actionpack (6.1.6) lib/action_dispatch/middleware/request_id.rb:26:in `call'
rack (2.2.4) lib/rack/method_override.rb:24:in `call'
rack (2.2.4) lib/rack/runtime.rb:22:in `call'
activesupport (6.1.6) lib/active_support/cache/strategy/local_cache_middleware.rb:29:in `call'
actionpack (6.1.6) lib/action_dispatch/middleware/executor.rb:14:in `call'
actionpack (6.1.6) lib/action_dispatch/middleware/static.rb:24:in `call'
rack (2.2.4) lib/rack/sendfile.rb:110:in `call'
actionpack (6.1.6) lib/action_dispatch/middleware/host_authorization.rb:148:in `call'
rack-mini-profiler (2.3.4) lib/mini_profiler/profiler.rb:393:in `call'
webpacker (5.4.3) lib/webpacker/dev_server_proxy.rb:25:in `perform_request'
rack-proxy (0.7.2) lib/rack/proxy.rb:67:in `call'
railties (6.1.6) lib/rails/engine.rb:539:in `call'
puma (5.6.4) lib/puma/configuration.rb:252:in `call'
puma (5.6.4) lib/puma/request.rb:77:in `block in handle_request'
puma (5.6.4) lib/puma/thread_pool.rb:340:in `with_force_shutdown'
puma (5.6.4) lib/puma/request.rb:76:in `handle_request'
puma (5.6.4) lib/puma/server.rb:441:in `process_client'
puma (5.6.4) lib/puma/thread_pool.rb:147:in `block in spawn_thread'
Started GET "/" for 133.55.113.240 at 2022-07-03 09:14:47 +0000
Cannot render console from 133.55.113.240! Allowed networks: 127.0.0.0/127.255.255.255, ::1
  [1m[35m (0.1ms)[0m  [1m[34mSELECT "schema_migrations"."version" FROM "schema_migrations" ORDER BY "schema_migrations"."version" ASC[0m
  [1m[35mCACHE  (0.0ms)[0m  [1m[34mSELECT "schema_migrations"."version" FROM "schema_migrations" ORDER BY "schema_migrations"."version" ASC[0m
  
ActiveRecord::PendingMigrationError (

Migrations are pending. To resolve this issue, run:

        bin/rails db:migrate RAILS_ENV=development

You have 1 pending migration:

20220703090631_create_active_storage_tables.active_storage.rb


):
  
activerecord (6.1.6) lib/active_record/migration.rb:625:in `check_pending!'
activerecord (6.1.6) lib/active_record/migration.rb:590:in `block (2 levels) in call'
activesupport (6.1.6) lib/active_support/evented_file_update_checker.rb:59:in `execute'
activerecord (6.1.6) lib/active_record/migration.rb:595:in `block in call'
activerecord (6.1.6) lib/active_record/migration.rb:587:in `synchronize'
activerecord (6.1.6) lib/active_record/migration.rb:587:in `call'
actionpack (6.1.6) lib/action_dispatch/middleware/callbacks.rb:27:in `block in call'
activesupport (6.1.6) lib/active_support/callbacks.rb:98:in `run_callbacks'
actionpack (6.1.6) lib/action_dispatch/middleware/callbacks.rb:26:in `call'
actionpack (6.1.6) lib/action_dispatch/middleware/executor.rb:14:in `call'
actionpack (6.1.6) lib/action_dispatch/middleware/actionable_exceptions.rb:18:in `call'
actionpack (6.1.6) lib/action_dispatch/middleware/debug_exceptions.rb:29:in `call'
web-console (4.2.0) lib/web_console/middleware.rb:132:in `call_app'
web-console (4.2.0) lib/web_console/middleware.rb:19:in `block in call'
web-console (4.2.0) lib/web_console/middleware.rb:17:in `catch'
web-console (4.2.0) lib/web_console/middleware.rb:17:in `call'
actionpack (6.1.6) lib/action_dispatch/middleware/show_exceptions.rb:33:in `call'
railties (6.1.6) lib/rails/rack/logger.rb:37:in `call_app'
railties (6.1.6) lib/rails/rack/logger.rb:26:in `block in call'
activesupport (6.1.6) lib/active_support/tagged_logging.rb:99:in `block in tagged'
activesupport (6.1.6) lib/active_support/tagged_logging.rb:37:in `tagged'
activesupport (6.1.6) lib/active_support/tagged_logging.rb:99:in `tagged'
railties (6.1.6) lib/rails/rack/logger.rb:26:in `call'
sprockets-rails (3.4.2) lib/sprockets/rails/quiet_assets.rb:13:in `call'
actionpack (6.1.6) lib/action_dispatch/middleware/remote_ip.rb:81:in `call'
actionpack (6.1.6) lib/action_dispatch/middleware/request_id.rb:26:in `call'
rack (2.2.4) lib/rack/method_override.rb:24:in `call'
rack (2.2.4) lib/rack/runtime.rb:22:in `call'
activesupport (6.1.6) lib/active_support/cache/strategy/local_cache_middleware.rb:29:in `call'
actionpack (6.1.6) lib/action_dispatch/middleware/executor.rb:14:in `call'
actionpack (6.1.6) lib/action_dispatch/middleware/static.rb:24:in `call'
rack (2.2.4) lib/rack/sendfile.rb:110:in `call'
actionpack (6.1.6) lib/action_dispatch/middleware/host_authorization.rb:148:in `call'
rack-mini-profiler (2.3.4) lib/mini_profiler/profiler.rb:393:in `call'
webpacker (5.4.3) lib/webpacker/dev_server_proxy.rb:25:in `perform_request'
rack-proxy (0.7.2) lib/rack/proxy.rb:67:in `call'
railties (6.1.6) lib/rails/engine.rb:539:in `call'
puma (5.6.4) lib/puma/configuration.rb:252:in `call'
puma (5.6.4) lib/puma/request.rb:77:in `block in handle_request'
puma (5.6.4) lib/puma/thread_pool.rb:340:in `with_force_shutdown'
puma (5.6.4) lib/puma/request.rb:76:in `handle_request'
puma (5.6.4) lib/puma/server.rb:441:in `process_client'
puma (5.6.4) lib/puma/thread_pool.rb:147:in `block in spawn_thread'
  [1m[35m (0.5ms)[0m  [1m[34mSELECT sqlite_version(*)[0m
  [1m[35m (0.1ms)[0m  [1m[34mSELECT "schema_migrations"."version" FROM "schema_migrations" ORDER BY "schema_migrations"."version" ASC[0m
Migrating to CreateActiveStorageTables (20220703090631)
  [1m[36mTRANSACTION (0.1ms)[0m  [1m[36mbegin transaction[0m
  [1m[35m (3.0ms)[0m  [1m[35mCREATE TABLE "active_storage_blobs" ("id" integer PRIMARY KEY AUTOINCREMENT NOT NULL, "key" varchar NOT NULL, "filename" varchar NOT NULL, "content_type" varchar, "metadata" text, "service_name" varchar NOT NULL, "byte_size" bigint NOT NULL, "checksum" varchar NOT NULL, "created_at" datetime NOT NULL)[0m
  [1m[35m (0.2ms)[0m  [1m[35mCREATE UNIQUE INDEX "index_active_storage_blobs_on_key" ON "active_storage_blobs" ("key")[0m
  [1m[35m (0.2ms)[0m  [1m[35mCREATE TABLE "active_storage_attachments" ("id" integer PRIMARY KEY AUTOINCREMENT NOT NULL, "name" varchar NOT NULL, "record_type" varchar NOT NULL, "record_id" integer NOT NULL, "blob_id" integer NOT NULL, "created_at" datetime NOT NULL, CONSTRAINT "fk_rails_c3b3935057"
FOREIGN KEY ("blob_id")
  REFERENCES "active_storage_blobs" ("id")
)[0m
  [1m[35m (0.1ms)[0m  [1m[35mCREATE INDEX "index_active_storage_attachments_on_blob_id" ON "active_storage_attachments" ("blob_id")[0m
  [1m[35m (0.1ms)[0m  [1m[35mCREATE UNIQUE INDEX "index_active_storage_attachments_uniqueness" ON "active_storage_attachments" ("record_type", "record_id", "name", "blob_id")[0m
  [1m[35m (0.2ms)[0m  [1m[35mCREATE TABLE "active_storage_variant_records" ("id" integer PRIMARY KEY AUTOINCREMENT NOT NULL, "blob_id" integer NOT NULL, "variation_digest" varchar NOT NULL, CONSTRAINT "fk_rails_993965df05"
FOREIGN KEY ("blob_id")
  REFERENCES "active_storage_blobs" ("id")
)[0m
  [1m[35m (0.1ms)[0m  [1m[35mCREATE UNIQUE INDEX "index_active_storage_variant_records_uniqueness" ON "active_storage_variant_records" ("blob_id", "variation_digest")[0m
  [1m[36mActiveRecord::SchemaMigration Create (5.1ms)[0m  [1m[32mINSERT INTO "schema_migrations" ("version") VALUES (?)[0m  [["version", "20220703090631"]]
  [1m[36mTRANSACTION (5.5ms)[0m  [1m[36mcommit transaction[0m
Migrating to DeviseCreateUsers (20220703091516)
  [1m[36mTRANSACTION (0.0ms)[0m  [1m[36mbegin transaction[0m
  [1m[35m (3.2ms)[0m  [1m[35mCREATE TABLE "users" ("id" integer PRIMARY KEY AUTOINCREMENT NOT NULL, "email" varchar DEFAULT '' NOT NULL, "encrypted_password" varchar DEFAULT '' NOT NULL, "name" varchar, "introduction" text, "reset_password_token" varchar, "reset_password_sent_at" datetime, "remember_created_at" datetime, "created_at" datetime(6) NOT NULL, "updated_at" datetime(6) NOT NULL)[0m
  [1m[35m (0.1ms)[0m  [1m[35mCREATE UNIQUE INDEX "index_users_on_email" ON "users" ("email")[0m
  [1m[35m (0.1ms)[0m  [1m[35mCREATE UNIQUE INDEX "index_users_on_reset_password_token" ON "users" ("reset_password_token")[0m
  [1m[36mActiveRecord::SchemaMigration Create (1.9ms)[0m  [1m[32mINSERT INTO "schema_migrations" ("version") VALUES (?)[0m  [["version", "20220703091516"]]
  [1m[36mTRANSACTION (5.3ms)[0m  [1m[36mcommit transaction[0m
Migrating to CreateMenus (20220703091818)
  [1m[36mTRANSACTION (0.0ms)[0m  [1m[36mbegin transaction[0m
  [1m[35m (1.9ms)[0m  [1m[35mCREATE TABLE "menus" ("id" integer PRIMARY KEY AUTOINCREMENT NOT NULL, "user_id" integer, "genre_id" integer, "title" text, "caption" text, "price" integer, "created_at" datetime(6) NOT NULL, "updated_at" datetime(6) NOT NULL)[0m
  [1m[36mActiveRecord::SchemaMigration Create (1.4ms)[0m  [1m[32mINSERT INTO "schema_migrations" ("version") VALUES (?)[0m  [["version", "20220703091818"]]
  [1m[36mTRANSACTION (5.8ms)[0m  [1m[36mcommit transaction[0m
Migrating to CreateNotififations (20220703092013)
  [1m[36mTRANSACTION (0.0ms)[0m  [1m[36mbegin transaction[0m
  [1m[35m (1.3ms)[0m  [1m[35mCREATE TABLE "notififations" ("id" integer PRIMARY KEY AUTOINCREMENT NOT NULL, "title" text, "body" text, "created_at" datetime(6) NOT NULL, "updated_at" datetime(6) NOT NULL)[0m
  [1m[36mActiveRecord::SchemaMigration Create (5.6ms)[0m  [1m[32mINSERT INTO "schema_migrations" ("version") VALUES (?)[0m  [["version", "20220703092013"]]
  [1m[36mTRANSACTION (4.9ms)[0m  [1m[36mcommit transaction[0m
Migrating to CreateComments (20220703092045)
  [1m[36mTRANSACTION (0.0ms)[0m  [1m[36mbegin transaction[0m
  [1m[35m (3.6ms)[0m  [1m[35mCREATE TABLE "comments" ("id" integer PRIMARY KEY AUTOINCREMENT NOT NULL, "user_id" integer, "menu_id" integer, "comment" text, "created_at" datetime(6) NOT NULL, "updated_at" datetime(6) NOT NULL)[0m
  [1m[36mActiveRecord::SchemaMigration Create (1.2ms)[0m  [1m[32mINSERT INTO "schema_migrations" ("version") VALUES (?)[0m  [["version", "20220703092045"]]
  [1m[36mTRANSACTION (4.3ms)[0m  [1m[36mcommit transaction[0m
Migrating to CreateFavorites (20220703092124)
  [1m[36mTRANSACTION (0.0ms)[0m  [1m[36mbegin transaction[0m
  [1m[35m (0.7ms)[0m  [1m[35mCREATE TABLE "favorites" ("id" integer PRIMARY KEY AUTOINCREMENT NOT NULL, "user_id" integer, "menu_id" integer, "created_at" datetime(6) NOT NULL, "updated_at" datetime(6) NOT NULL)[0m
  [1m[36mActiveRecord::SchemaMigration Create (3.4ms)[0m  [1m[32mINSERT INTO "schema_migrations" ("version") VALUES (?)[0m  [["version", "20220703092124"]]
  [1m[36mTRANSACTION (4.1ms)[0m  [1m[36mcommit transaction[0m
Migrating to CreateRelationships (20220703092203)
  [1m[36mTRANSACTION (0.0ms)[0m  [1m[36mbegin transaction[0m
  [1m[35m (2.6ms)[0m  [1m[35mCREATE TABLE "relationships" ("id" integer PRIMARY KEY AUTOINCREMENT NOT NULL, "follower_id" integer, "followed_id" integer, "created_at" datetime(6) NOT NULL, "updated_at" datetime(6) NOT NULL)[0m
  [1m[35m (0.2ms)[0m  [1m[35mCREATE INDEX "index_relationships_on_follower_id" ON "relationships" ("follower_id")[0m
  [1m[35m (0.1ms)[0m  [1m[35mCREATE INDEX "index_relationships_on_followed_id" ON "relationships" ("followed_id")[0m
  [1m[35m (0.1ms)[0m  [1m[35mCREATE UNIQUE INDEX "index_relationships_on_follower_id_and_followed_id" ON "relationships" ("follower_id", "followed_id")[0m
  [1m[36mActiveRecord::SchemaMigration Create (1.1ms)[0m  [1m[32mINSERT INTO "schema_migrations" ("version") VALUES (?)[0m  [["version", "20220703092203"]]
  [1m[36mTRANSACTION (4.7ms)[0m  [1m[36mcommit transaction[0m
Migrating to CreateTags (20220703092353)
  [1m[36mTRANSACTION (0.0ms)[0m  [1m[36mbegin transaction[0m
  [1m[35m (1.8ms)[0m  [1m[35mCREATE TABLE "tags" ("id" integer PRIMARY KEY AUTOINCREMENT NOT NULL, "name" varchar, "created_at" datetime(6) NOT NULL, "updated_at" datetime(6) NOT NULL)[0m
  [1m[36mActiveRecord::SchemaMigration Create (2.3ms)[0m  [1m[32mINSERT INTO "schema_migrations" ("version") VALUES (?)[0m  [["version", "20220703092353"]]
  [1m[36mTRANSACTION (5.7ms)[0m  [1m[36mcommit transaction[0m
Migrating to CreateMenuTags (20220703092440)
  [1m[36mTRANSACTION (0.0ms)[0m  [1m[36mbegin transaction[0m
  [1m[35m (2.8ms)[0m  [1m[35mCREATE TABLE "menu_tags" ("id" integer PRIMARY KEY AUTOINCREMENT NOT NULL, "menu_id" integer, "tag_id" integer, "created_at" datetime(6) NOT NULL, "updated_at" datetime(6) NOT NULL, CONSTRAINT "fk_rails_be00874787"
FOREIGN KEY ("menu_id")
  REFERENCES "menus" ("id")
, CONSTRAINT "fk_rails_74c250d0eb"
FOREIGN KEY ("tag_id")
  REFERENCES "tags" ("id")
)[0m
  [1m[35m (0.2ms)[0m  [1m[35mCREATE INDEX "index_menu_tags_on_menu_id" ON "menu_tags" ("menu_id")[0m
  [1m[35m (0.1ms)[0m  [1m[35mCREATE INDEX "index_menu_tags_on_tag_id" ON "menu_tags" ("tag_id")[0m
  [1m[36mActiveRecord::SchemaMigration Create (2.2ms)[0m  [1m[32mINSERT INTO "schema_migrations" ("version") VALUES (?)[0m  [["version", "20220703092440"]]
  [1m[36mTRANSACTION (5.5ms)[0m  [1m[36mcommit transaction[0m
Migrating to CreateGenres (20220703092529)
  [1m[36mTRANSACTION (0.0ms)[0m  [1m[36mbegin transaction[0m
  [1m[35m (2.1ms)[0m  [1m[35mCREATE TABLE "genres" ("id" integer PRIMARY KEY AUTOINCREMENT NOT NULL, "name" varchar, "created_at" datetime(6) NOT NULL, "updated_at" datetime(6) NOT NULL)[0m
  [1m[36mActiveRecord::SchemaMigration Create (1.8ms)[0m  [1m[32mINSERT INTO "schema_migrations" ("version") VALUES (?)[0m  [["version", "20220703092529"]]
  [1m[36mTRANSACTION (5.0ms)[0m  [1m[36mcommit transaction[0m
Migrating to CreateItems (20220703092635)
  [1m[36mTRANSACTION (0.0ms)[0m  [1m[36mbegin transaction[0m
  [1m[35m (1.8ms)[0m  [1m[35mCREATE TABLE "items" ("id" integer PRIMARY KEY AUTOINCREMENT NOT NULL, "menu_id" integer, "name" varchar, "caption" text, "created_at" datetime(6) NOT NULL, "updated_at" datetime(6) NOT NULL)[0m
  [1m[36mActiveRecord::SchemaMigration Create (0.5ms)[0m  [1m[32mINSERT INTO "schema_migrations" ("version") VALUES (?)[0m  [["version", "20220703092635"]]
  [1m[36mTRANSACTION (4.8ms)[0m  [1m[36mcommit transaction[0m
Migrating to CreateProcedures (20220703092720)
  [1m[36mTRANSACTION (0.0ms)[0m  [1m[36mbegin transaction[0m
  [1m[35m (1.9ms)[0m  [1m[35mCREATE TABLE "procedures" ("id" integer PRIMARY KEY AUTOINCREMENT NOT NULL, "menu_id" integer, "title" varchar, "caption" text, "created_at" datetime(6) NOT NULL, "updated_at" datetime(6) NOT NULL)[0m
  [1m[36mActiveRecord::SchemaMigration Create (2.4ms)[0m  [1m[32mINSERT INTO "schema_migrations" ("version") VALUES (?)[0m  [["version", "20220703092720"]]
  [1m[36mTRANSACTION (9.6ms)[0m  [1m[36mcommit transaction[0m
  [1m[36mActiveRecord::InternalMetadata Load (0.2ms)[0m  [1m[34mSELECT "ar_internal_metadata".* FROM "ar_internal_metadata" WHERE "ar_internal_metadata"."key" = ? LIMIT ?[0m  [["key", "environment"], ["LIMIT", 1]]
  [1m[36mTRANSACTION (0.0ms)[0m  [1m[36mbegin transaction[0m
  [1m[36mActiveRecord::InternalMetadata Create (2.5ms)[0m  [1m[32mINSERT INTO "ar_internal_metadata" ("key", "value", "created_at", "updated_at") VALUES (?, ?, ?, ?)[0m  [["key", "environment"], ["value", "development"], ["created_at", "2022-07-03 09:28:32.272675"], ["updated_at", "2022-07-03 09:28:32.272675"]]
  [1m[36mTRANSACTION (6.6ms)[0m  [1m[36mcommit transaction[0m
  [1m[35m (0.1ms)[0m  [1m[34mSELECT sqlite_version(*)[0m
  [1m[35m (0.1ms)[0m  [1m[34mSELECT "schema_migrations"."version" FROM "schema_migrations" ORDER BY "schema_migrations"."version" ASC[0m
Started GET "/" for 133.55.113.240 at 2022-07-03 09:28:39 +0000
Cannot render console from 133.55.113.240! Allowed networks: 127.0.0.0/127.255.255.255, ::1
  [1m[35m (0.4ms)[0m  [1m[34mSELECT sqlite_version(*)[0m
  [1m[35m (0.1ms)[0m  [1m[34mSELECT "schema_migrations"."version" FROM "schema_migrations" ORDER BY "schema_migrations"."version" ASC[0m
Processing by Rails::WelcomeController#index as HTML
  Rendering /home/ec2-user/.rvm/gems/ruby-2.6.3/gems/railties-6.1.6/lib/rails/templates/rails/welcome/index.html.erb
  Rendered /home/ec2-user/.rvm/gems/ruby-2.6.3/gems/railties-6.1.6/lib/rails/templates/rails/welcome/index.html.erb (Duration: 8.7ms | Allocations: 358)
Completed 200 OK in 25ms (Views: 12.2ms | ActiveRecord: 0.0ms | Allocations: 2678)


Started GET "/" for 133.55.113.240 at 2022-07-03 09:28:40 +0000
Cannot render console from 133.55.113.240! Allowed networks: 127.0.0.0/127.255.255.255, ::1
Processing by Rails::WelcomeController#index as HTML
  Rendering /home/ec2-user/.rvm/gems/ruby-2.6.3/gems/railties-6.1.6/lib/rails/templates/rails/welcome/index.html.erb
  Rendered /home/ec2-user/.rvm/gems/ruby-2.6.3/gems/railties-6.1.6/lib/rails/templates/rails/welcome/index.html.erb (Duration: 6.9ms | Allocations: 229)
Completed 200 OK in 11ms (Views: 10.0ms | ActiveRecord: 0.0ms | Allocations: 871)


Started GET "/" for 133.55.113.240 at 2022-07-03 09:37:15 +0000
Cannot render console from 133.55.113.240! Allowed networks: 127.0.0.0/127.255.255.255, ::1
  [1m[35m (0.4ms)[0m  [1m[34mSELECT sqlite_version(*)[0m
  [1m[35m (0.2ms)[0m  [1m[34mSELECT "schema_migrations"."version" FROM "schema_migrations" ORDER BY "schema_migrations"."version" ASC[0m
Processing by HomesController#top as HTML
  Rendering layout layouts/application.html.erb
  Rendering homes/top.html.erb within layouts/application
  Rendered homes/top.html.erb within layouts/application (Duration: 0.6ms | Allocations: 234)
[Webpacker] Compiling...
[Webpacker] Compilation failed:
yarn run v1.22.19
info Visit https://yarnpkg.com/en/docs/cli/run for documentation about this command.


warning ../../package.json: No license field
warning ../../package.json: No license field
error Command "webpack" not found.

  Rendered layout layouts/application.html.erb (Duration: 1501.5ms | Allocations: 17579)
Completed 500 Internal Server Error in 1521ms (ActiveRecord: 0.0ms | Allocations: 20386)


  
ActionView::Template::Error (Webpacker can't find application.js in /home/ec2-user/environment/webapp1/public/packs/manifest.json. Possible causes:
1. You want to set webpacker.yml value of compile to true for your environment
   unless you are using the `webpack -w` or the webpack-dev-server.
2. webpack has not yet re-run to reflect updates.
3. You have misconfigured Webpacker's config/webpacker.yml file.
4. Your webpack configuration is not creating a manifest.
Your manifest contains:
{
}
):
     7:     <%= csp_meta_tag %>
     8: 
     9:     <%= stylesheet_link_tag 'application', media: 'all', 'data-turbolinks-track': 'reload' %>
    10:     <%= javascript_pack_tag 'application', 'data-turbolinks-track': 'reload' %>
    11:   </head>
    12: 
    13:   <body>
  
app/views/layouts/application.html.erb:10
Started GET "/" for 133.55.113.240 at 2022-07-03 09:38:52 +0000
Cannot render console from 133.55.113.240! Allowed networks: 127.0.0.0/127.255.255.255, ::1
  [1m[35m (0.5ms)[0m  [1m[34mSELECT sqlite_version(*)[0m
  [1m[35m (0.1ms)[0m  [1m[34mSELECT "schema_migrations"."version" FROM "schema_migrations" ORDER BY "schema_migrations"."version" ASC[0m
Processing by HomesController#top as HTML
  Rendering layout layouts/application.html.erb
  Rendering homes/top.html.erb within layouts/application
  Rendered homes/top.html.erb within layouts/application (Duration: 0.9ms | Allocations: 234)
[Webpacker] Compiling...
[Webpacker] Compiled all packs in /home/ec2-user/environment/webapp1/public/packs
[Webpacker] warning ../../package.json: No license field

[Webpacker] Hash: 4e86e05d5dbda31c6c86
Version: webpack 4.46.0
Time: 2646ms
Built at: 07/03/2022 9:38:56 AM
                                     Asset       Size       Chunks                         Chunk Names
    js/application-7f041c57215f4c597b08.js    121 KiB  application  [emitted] [immutable]  application
js/application-7f041c57215f4c597b08.js.map    136 KiB  application  [emitted] [dev]        application
                             manifest.json  364 bytes               [emitted]              
Entrypoint application = js/application-7f041c57215f4c597b08.js js/application-7f041c57215f4c597b08.js.map
[./app/javascript/channels sync recursive _channel\.js$] ./app/javascript/channels sync _channel\.js$ 160 bytes {application} [built]
[./app/javascript/channels/index.js] 211 bytes {application} [built]
[./app/javascript/packs/application.js] 492 bytes {application} [built]
    + 3 hidden modules

  Rendered layout layouts/application.html.erb (Duration: 4822.3ms | Allocations: 6703)
Completed 200 OK in 4839ms (Views: 4827.5ms | ActiveRecord: 0.0ms | Allocations: 9539)


Started GET "/" for 133.55.113.240 at 2022-07-03 09:39:06 +0000
Cannot render console from 133.55.113.240! Allowed networks: 127.0.0.0/127.255.255.255, ::1
Processing by HomesController#top as HTML
  Rendering layout layouts/application.html.erb
  Rendering homes/top.html.erb within layouts/application
  Rendered homes/top.html.erb within layouts/application (Duration: 0.1ms | Allocations: 36)
[Webpacker] Everything's up-to-date. Nothing to do
  Rendered layout layouts/application.html.erb (Duration: 7.4ms | Allocations: 3105)
Completed 200 OK in 11ms (Views: 10.0ms | ActiveRecord: 0.0ms | Allocations: 3491)


Started GET "/" for 133.55.113.240 at 2022-07-03 09:41:07 +0000
Cannot render console from 133.55.113.240! Allowed networks: 127.0.0.0/127.255.255.255, ::1
  [1m[35m (0.4ms)[0m  [1m[34mSELECT sqlite_version(*)[0m
  [1m[35m (0.1ms)[0m  [1m[34mSELECT "schema_migrations"."version" FROM "schema_migrations" ORDER BY "schema_migrations"."version" ASC[0m
Processing by HomesController#top as HTML
  Rendering layout layouts/application.html.erb
  Rendering homes/top.html.erb within layouts/application
  Rendered homes/top.html.erb within layouts/application (Duration: 0.6ms | Allocations: 234)
[Webpacker] Everything's up-to-date. Nothing to do
  Rendered layout layouts/application.html.erb (Duration: 18.1ms | Allocations: 5520)
Completed 200 OK in 33ms (Views: 21.6ms | ActiveRecord: 0.0ms | Allocations: 8413)


Started GET "/about" for 133.55.113.240 at 2022-07-03 09:41:11 +0000
Cannot render console from 133.55.113.240! Allowed networks: 127.0.0.0/127.255.255.255, ::1
Processing by HomesController#about as HTML
  Rendering layout layouts/application.html.erb
  Rendering homes/about.html.erb within layouts/application
  Rendered homes/about.html.erb within layouts/application (Duration: 0.3ms | Allocations: 111)
[Webpacker] Everything's up-to-date. Nothing to do
  Rendered layout layouts/application.html.erb (Duration: 7.7ms | Allocations: 3181)
Completed 200 OK in 11ms (Views: 10.0ms | ActiveRecord: 0.0ms | Allocations: 3688)


Started GET "/" for 133.55.113.240 at 2022-07-03 10:03:16 +0000
Cannot render console from 133.55.113.240! Allowed networks: 127.0.0.0/127.255.255.255, ::1
  [1m[35m (3.9ms)[0m  [1m[34mSELECT sqlite_version(*)[0m
  [1m[35m (0.2ms)[0m  [1m[34mSELECT "schema_migrations"."version" FROM "schema_migrations" ORDER BY "schema_migrations"."version" ASC[0m
Processing by HomesController#top as HTML
  Rendering layout layouts/application.html.erb
  Rendering homes/top.html.erb within layouts/application
  Rendered homes/top.html.erb within layouts/application (Duration: 1.4ms | Allocations: 234)
[Webpacker] Everything's up-to-date. Nothing to do
  Rendered layout layouts/application.html.erb (Duration: 95.0ms | Allocations: 21091)
Completed 200 OK in 128ms (Views: 99.3ms | ActiveRecord: 0.0ms | Allocations: 25216)


Started GET "/" for 133.55.113.240 at 2022-07-03 10:03:19 +0000
Cannot render console from 133.55.113.240! Allowed networks: 127.0.0.0/127.255.255.255, ::1
Processing by HomesController#top as HTML
  Rendering layout layouts/application.html.erb
  Rendering homes/top.html.erb within layouts/application
  Rendered homes/top.html.erb within layouts/application (Duration: 0.1ms | Allocations: 36)
[Webpacker] Everything's up-to-date. Nothing to do
  Rendered layout layouts/application.html.erb (Duration: 11.1ms | Allocations: 3233)
Completed 200 OK in 18ms (Views: 17.8ms | ActiveRecord: 0.0ms | Allocations: 3616)


Started GET "/users/sign_in" for 133.55.113.240 at 2022-07-03 10:03:31 +0000
Cannot render console from 133.55.113.240! Allowed networks: 127.0.0.0/127.255.255.255, ::1
Processing by Devise::SessionsController#new as HTML
  Rendering layout layouts/application.html.erb
  Rendering /home/ec2-user/.rvm/gems/ruby-2.6.3/gems/devise-4.8.1/app/views/devise/sessions/new.html.erb within layouts/application
  Rendered /home/ec2-user/.rvm/gems/ruby-2.6.3/gems/devise-4.8.1/app/views/devise/shared/_links.html.erb (Duration: 3.4ms | Allocations: 675)
  Rendered /home/ec2-user/.rvm/gems/ruby-2.6.3/gems/devise-4.8.1/app/views/devise/sessions/new.html.erb within layouts/application (Duration: 44.2ms | Allocations: 9688)
[Webpacker] Everything's up-to-date. Nothing to do
  Rendered layout layouts/application.html.erb (Duration: 53.4ms | Allocations: 12867)
Completed 200 OK in 75ms (Views: 57.5ms | ActiveRecord: 0.6ms | Allocations: 20863)


Started POST "/users/sign_in" for 133.55.113.240 at 2022-07-03 10:03:48 +0000
Cannot render console from 133.55.113.240! Allowed networks: 127.0.0.0/127.255.255.255, ::1
Processing by Devise::SessionsController#create as HTML
  Parameters: {"authenticity_token"=>"[FILTERED]", "user"=>{"email"=>"test@tet", "password"=>"[FILTERED]", "remember_me"=>"0"}, "commit"=>"Log in"}
  [1m[36mUser Load (0.7ms)[0m  [1m[34mSELECT "users".* FROM "users" WHERE "users"."email" = ? ORDER BY "users"."id" ASC LIMIT ?[0m  [["email", "test@tet"], ["LIMIT", 1]]
Completed 401 Unauthorized in 20ms (ActiveRecord: 0.7ms | Allocations: 7024)


Processing by Devise::SessionsController#new as HTML
  Parameters: {"authenticity_token"=>"[FILTERED]", "user"=>{"email"=>"test@tet", "password"=>"[FILTERED]", "remember_me"=>"0"}, "commit"=>"Log in"}
  Rendering layout layouts/application.html.erb
  Rendering /home/ec2-user/.rvm/gems/ruby-2.6.3/gems/devise-4.8.1/app/views/devise/sessions/new.html.erb within layouts/application
  Rendered /home/ec2-user/.rvm/gems/ruby-2.6.3/gems/devise-4.8.1/app/views/devise/shared/_links.html.erb (Duration: 0.3ms | Allocations: 173)
  Rendered /home/ec2-user/.rvm/gems/ruby-2.6.3/gems/devise-4.8.1/app/views/devise/sessions/new.html.erb within layouts/application (Duration: 3.2ms | Allocations: 1326)
[Webpacker] Everything's up-to-date. Nothing to do
  Rendered layout layouts/application.html.erb (Duration: 11.5ms | Allocations: 4509)
Completed 200 OK in 339ms (Views: 14.5ms | ActiveRecord: 0.0ms | Allocations: 6291)


Started GET "/users/sign_up" for 133.55.113.240 at 2022-07-03 10:03:56 +0000
Cannot render console from 133.55.113.240! Allowed networks: 127.0.0.0/127.255.255.255, ::1
Processing by Devise::RegistrationsController#new as HTML
  Rendering layout layouts/application.html.erb
  Rendering /home/ec2-user/.rvm/gems/ruby-2.6.3/gems/devise-4.8.1/app/views/devise/registrations/new.html.erb within layouts/application
  Rendered /home/ec2-user/.rvm/gems/ruby-2.6.3/gems/devise-4.8.1/app/views/devise/shared/_error_messages.html.erb (Duration: 1.7ms | Allocations: 240)
  Rendered /home/ec2-user/.rvm/gems/ruby-2.6.3/gems/devise-4.8.1/app/views/devise/shared/_links.html.erb (Duration: 0.3ms | Allocations: 159)
  Rendered /home/ec2-user/.rvm/gems/ruby-2.6.3/gems/devise-4.8.1/app/views/devise/registrations/new.html.erb within layouts/application (Duration: 11.3ms | Allocations: 2209)
[Webpacker] Everything's up-to-date. Nothing to do
  Rendered layout layouts/application.html.erb (Duration: 19.5ms | Allocations: 5386)
Completed 200 OK in 28ms (Views: 25.7ms | ActiveRecord: 0.0ms | Allocations: 7667)


Started POST "/users" for 133.55.113.240 at 2022-07-03 10:04:23 +0000
Cannot render console from 133.55.113.240! Allowed networks: 127.0.0.0/127.255.255.255, ::1
Processing by Devise::RegistrationsController#create as HTML
  Parameters: {"authenticity_token"=>"[FILTERED]", "user"=>{"email"=>"test@test", "password"=>"[FILTERED]", "password_confirmation"=>"[FILTERED]"}, "commit"=>"Sign up"}
  [1m[36mTRANSACTION (0.1ms)[0m  [1m[36mbegin transaction[0m
  [1m[36mUser Exists? (0.2ms)[0m  [1m[34mSELECT 1 AS one FROM "users" WHERE "users"."email" = ? LIMIT ?[0m  [["email", "test@test"], ["LIMIT", 1]]
  [1m[36mUser Create (4.6ms)[0m  [1m[32mINSERT INTO "users" ("email", "encrypted_password", "created_at", "updated_at") VALUES (?, ?, ?, ?)[0m  [["email", "test@test"], ["encrypted_password", "$2a$12$DVvec9BwiZSQg340S4w9rOfo7KfmpuueXFAhJZ2Mf68qmRhiPyZFi"], ["created_at", "2022-07-03 10:04:23.753101"], ["updated_at", "2022-07-03 10:04:23.753101"]]
  [1m[36mTRANSACTION (5.6ms)[0m  [1m[36mcommit transaction[0m
Completed 500 Internal Server Error in 315ms (ActiveRecord: 10.5ms | Allocations: 9993)


  
NoMethodError (undefined method `user_path' for #<Devise::RegistrationsController:0x00000006e30458>):
  
app/controllers/application_controller.rb:5:in `after_sign_in_path_for'
Started GET "/users/sign_up" for 133.55.113.240 at 2022-07-03 10:04:35 +0000
Cannot render console from 133.55.113.240! Allowed networks: 127.0.0.0/127.255.255.255, ::1
Processing by Devise::RegistrationsController#new as HTML
  Rendering layout layouts/application.html.erb
  Rendering /home/ec2-user/.rvm/gems/ruby-2.6.3/gems/devise-4.8.1/app/views/devise/registrations/new.html.erb within layouts/application
  Rendered /home/ec2-user/.rvm/gems/ruby-2.6.3/gems/devise-4.8.1/app/views/devise/shared/_error_messages.html.erb (Duration: 0.1ms | Allocations: 46)
  Rendered /home/ec2-user/.rvm/gems/ruby-2.6.3/gems/devise-4.8.1/app/views/devise/shared/_links.html.erb (Duration: 0.3ms | Allocations: 120)
  Rendered /home/ec2-user/.rvm/gems/ruby-2.6.3/gems/devise-4.8.1/app/views/devise/registrations/new.html.erb within layouts/application (Duration: 14.3ms | Allocations: 1449)
[Webpacker] Everything's up-to-date. Nothing to do
  Rendered layout layouts/application.html.erb (Duration: 21.6ms | Allocations: 4787)
Completed 200 OK in 26ms (Views: 24.1ms | ActiveRecord: 0.0ms | Allocations: 5461)


Started GET "/users/sign_up" for 133.55.113.240 at 2022-07-03 10:05:58 +0000
Cannot render console from 133.55.113.240! Allowed networks: 127.0.0.0/127.255.255.255, ::1
Processing by Devise::RegistrationsController#new as HTML
  [1m[35m (0.1ms)[0m  [1m[34mSELECT sqlite_version(*)[0m
  Rendering layout layouts/application.html.erb
  Rendering /home/ec2-user/.rvm/gems/ruby-2.6.3/gems/devise-4.8.1/app/views/devise/registrations/new.html.erb within layouts/application
  Rendered /home/ec2-user/.rvm/gems/ruby-2.6.3/gems/devise-4.8.1/app/views/devise/shared/_error_messages.html.erb (Duration: 0.1ms | Allocations: 45)
  Rendered /home/ec2-user/.rvm/gems/ruby-2.6.3/gems/devise-4.8.1/app/views/devise/shared/_links.html.erb (Duration: 0.2ms | Allocations: 124)
  Rendered /home/ec2-user/.rvm/gems/ruby-2.6.3/gems/devise-4.8.1/app/views/devise/registrations/new.html.erb within layouts/application (Duration: 6.4ms | Allocations: 1406)
[Webpacker] Everything's up-to-date. Nothing to do
  Rendered layout layouts/application.html.erb (Duration: 13.9ms | Allocations: 4581)
Completed 200 OK in 28ms (Views: 16.5ms | ActiveRecord: 1.0ms | Allocations: 11835)


Started GET "/users/sign_in" for 133.55.113.240 at 2022-07-03 10:06:01 +0000
Cannot render console from 133.55.113.240! Allowed networks: 127.0.0.0/127.255.255.255, ::1
Processing by Devise::SessionsController#new as HTML
  Rendering layout layouts/application.html.erb
  Rendering /home/ec2-user/.rvm/gems/ruby-2.6.3/gems/devise-4.8.1/app/views/devise/sessions/new.html.erb within layouts/application
  Rendered /home/ec2-user/.rvm/gems/ruby-2.6.3/gems/devise-4.8.1/app/views/devise/shared/_links.html.erb (Duration: 0.3ms | Allocations: 188)
  Rendered /home/ec2-user/.rvm/gems/ruby-2.6.3/gems/devise-4.8.1/app/views/devise/sessions/new.html.erb within layouts/application (Duration: 3.1ms | Allocations: 1352)
[Webpacker] Everything's up-to-date. Nothing to do
  Rendered layout layouts/application.html.erb (Duration: 11.8ms | Allocations: 4527)
Completed 200 OK in 21ms (Views: 19.5ms | ActiveRecord: 0.0ms | Allocations: 6340)


Started POST "/users/sign_in" for 133.55.113.240 at 2022-07-03 10:06:09 +0000
Cannot render console from 133.55.113.240! Allowed networks: 127.0.0.0/127.255.255.255, ::1
Processing by Devise::SessionsController#create as HTML
  Parameters: {"authenticity_token"=>"[FILTERED]", "user"=>{"email"=>"test@test", "password"=>"[FILTERED]", "remember_me"=>"0"}, "commit"=>"Log in"}
  [1m[36mUser Load (0.2ms)[0m  [1m[34mSELECT "users".* FROM "users" WHERE "users"."email" = ? ORDER BY "users"."id" ASC LIMIT ?[0m  [["email", "test@test"], ["LIMIT", 1]]
Redirected to https://a3122fc52bf14d37a1b7d56c7b029d9b.vfs.cloud9.ap-northeast-1.amazonaws.com/users/1
Completed 302 Found in 294ms (ActiveRecord: 0.2ms | Allocations: 3582)


Started GET "/users/1" for 133.55.113.240 at 2022-07-03 10:06:10 +0000
Cannot render console from 133.55.113.240! Allowed networks: 127.0.0.0/127.255.255.255, ::1
Processing by UsersController#show as HTML
  Parameters: {"id"=>"1"}
  [1m[36mUser Load (0.2ms)[0m  [1m[34mSELECT "users".* FROM "users" WHERE "users"."id" = ? LIMIT ?[0m  [["id", 1], ["LIMIT", 1]]
  ↳ app/controllers/users_controller.rb:7:in `show'
  Rendering layout layouts/application.html.erb
  Rendering users/show.html.erb within layouts/application
  [1m[36mUser Load (0.2ms)[0m  [1m[34mSELECT "users".* FROM "users" WHERE "users"."id" = ? ORDER BY "users"."id" ASC LIMIT ?[0m  [["id", 1], ["LIMIT", 1]]
  ↳ app/views/users/show.html.erb:1
  Rendered users/show.html.erb within layouts/application (Duration: 4.5ms | Allocations: 1044)
[Webpacker] Everything's up-to-date. Nothing to do
  Rendered layout layouts/application.html.erb (Duration: 12.9ms | Allocations: 4251)
Completed 200 OK in 22ms (Views: 17.3ms | ActiveRecord: 0.4ms | Allocations: 6012)


Started GET "/users/1/edit" for 133.55.113.240 at 2022-07-03 10:06:29 +0000
Cannot render console from 133.55.113.240! Allowed networks: 127.0.0.0/127.255.255.255, ::1
Processing by UsersController#edit as HTML
  Parameters: {"id"=>"1"}
  [1m[36mUser Load (0.2ms)[0m  [1m[34mSELECT "users".* FROM "users" WHERE "users"."id" = ? LIMIT ?[0m  [["id", 1], ["LIMIT", 1]]
  ↳ app/controllers/users_controller.rb:11:in `edit'
  [1m[36mUser Load (0.1ms)[0m  [1m[34mSELECT "users".* FROM "users" WHERE "users"."id" = ? ORDER BY "users"."id" ASC LIMIT ?[0m  [["id", 1], ["LIMIT", 1]]
  ↳ app/controllers/users_controller.rb:12:in `edit'
Completed 406 Not Acceptable in 11ms (ActiveRecord: 0.3ms | Allocations: 3637)


  
ActionController::MissingExactTemplate (UsersController#edit is missing a template for request formats: text/html):
  
actionpack (6.1.6) lib/action_controller/metal/implicit_render.rb:45:in `default_render'
actionpack (6.1.6) lib/action_controller/metal/basic_implicit_render.rb:6:in `block in send_action'
actionpack (6.1.6) lib/action_controller/metal/basic_implicit_render.rb:6:in `tap'
actionpack (6.1.6) lib/action_controller/metal/basic_implicit_render.rb:6:in `send_action'
actionpack (6.1.6) lib/abstract_controller/base.rb:228:in `process_action'
actionpack (6.1.6) lib/action_controller/metal/rendering.rb:30:in `process_action'
actionpack (6.1.6) lib/abstract_controller/callbacks.rb:42:in `block in process_action'
activesupport (6.1.6) lib/active_support/callbacks.rb:117:in `block in run_callbacks'
actiontext (6.1.6) lib/action_text/rendering.rb:20:in `with_renderer'
actiontext (6.1.6) lib/action_text/engine.rb:59:in `block (4 levels) in <class:Engine>'
activesupport (6.1.6) lib/active_support/callbacks.rb:126:in `instance_exec'
activesupport (6.1.6) lib/active_support/callbacks.rb:126:in `block in run_callbacks'
activesupport (6.1.6) lib/active_support/callbacks.rb:137:in `run_callbacks'
actionpack (6.1.6) lib/abstract_controller/callbacks.rb:41:in `process_action'
actionpack (6.1.6) lib/action_controller/metal/rescue.rb:22:in `process_action'
actionpack (6.1.6) lib/action_controller/metal/instrumentation.rb:34:in `block in process_action'
activesupport (6.1.6) lib/active_support/notifications.rb:203:in `block in instrument'
activesupport (6.1.6) lib/active_support/notifications/instrumenter.rb:24:in `instrument'
activesupport (6.1.6) lib/active_support/notifications.rb:203:in `instrument'
actionpack (6.1.6) lib/action_controller/metal/instrumentation.rb:33:in `process_action'
actionpack (6.1.6) lib/action_controller/metal/params_wrapper.rb:249:in `process_action'
activerecord (6.1.6) lib/active_record/railties/controller_runtime.rb:27:in `process_action'
actionpack (6.1.6) lib/abstract_controller/base.rb:165:in `process'
actionview (6.1.6) lib/action_view/rendering.rb:39:in `process'
actionpack (6.1.6) lib/action_controller/metal.rb:190:in `dispatch'
actionpack (6.1.6) lib/action_controller/metal.rb:254:in `dispatch'
actionpack (6.1.6) lib/action_dispatch/routing/route_set.rb:50:in `dispatch'
actionpack (6.1.6) lib/action_dispatch/routing/route_set.rb:33:in `serve'
actionpack (6.1.6) lib/action_dispatch/journey/router.rb:50:in `block in serve'
actionpack (6.1.6) lib/action_dispatch/journey/router.rb:32:in `each'
actionpack (6.1.6) lib/action_dispatch/journey/router.rb:32:in `serve'
actionpack (6.1.6) lib/action_dispatch/routing/route_set.rb:842:in `call'
warden (1.2.9) lib/warden/manager.rb:36:in `block in call'
warden (1.2.9) lib/warden/manager.rb:34:in `catch'
warden (1.2.9) lib/warden/manager.rb:34:in `call'
rack (2.2.4) lib/rack/tempfile_reaper.rb:15:in `call'
rack (2.2.4) lib/rack/etag.rb:27:in `call'
rack (2.2.4) lib/rack/conditional_get.rb:27:in `call'
rack (2.2.4) lib/rack/head.rb:12:in `call'
actionpack (6.1.6) lib/action_dispatch/http/permissions_policy.rb:22:in `call'
actionpack (6.1.6) lib/action_dispatch/http/content_security_policy.rb:19:in `call'
rack (2.2.4) lib/rack/session/abstract/id.rb:266:in `context'
rack (2.2.4) lib/rack/session/abstract/id.rb:260:in `call'
actionpack (6.1.6) lib/action_dispatch/middleware/cookies.rb:689:in `call'
activerecord (6.1.6) lib/active_record/migration.rb:601:in `call'
actionpack (6.1.6) lib/action_dispatch/middleware/callbacks.rb:27:in `block in call'
activesupport (6.1.6) lib/active_support/callbacks.rb:98:in `run_callbacks'
actionpack (6.1.6) lib/action_dispatch/middleware/callbacks.rb:26:in `call'
actionpack (6.1.6) lib/action_dispatch/middleware/executor.rb:14:in `call'
actionpack (6.1.6) lib/action_dispatch/middleware/actionable_exceptions.rb:18:in `call'
actionpack (6.1.6) lib/action_dispatch/middleware/debug_exceptions.rb:29:in `call'
web-console (4.2.0) lib/web_console/middleware.rb:132:in `call_app'
web-console (4.2.0) lib/web_console/middleware.rb:19:in `block in call'
web-console (4.2.0) lib/web_console/middleware.rb:17:in `catch'
web-console (4.2.0) lib/web_console/middleware.rb:17:in `call'
actionpack (6.1.6) lib/action_dispatch/middleware/show_exceptions.rb:33:in `call'
railties (6.1.6) lib/rails/rack/logger.rb:37:in `call_app'
railties (6.1.6) lib/rails/rack/logger.rb:26:in `block in call'
activesupport (6.1.6) lib/active_support/tagged_logging.rb:99:in `block in tagged'
activesupport (6.1.6) lib/active_support/tagged_logging.rb:37:in `tagged'
activesupport (6.1.6) lib/active_support/tagged_logging.rb:99:in `tagged'
railties (6.1.6) lib/rails/rack/logger.rb:26:in `call'
sprockets-rails (3.4.2) lib/sprockets/rails/quiet_assets.rb:13:in `call'
actionpack (6.1.6) lib/action_dispatch/middleware/remote_ip.rb:81:in `call'
actionpack (6.1.6) lib/action_dispatch/middleware/request_id.rb:26:in `call'
rack (2.2.4) lib/rack/method_override.rb:24:in `call'
rack (2.2.4) lib/rack/runtime.rb:22:in `call'
activesupport (6.1.6) lib/active_support/cache/strategy/local_cache_middleware.rb:29:in `call'
actionpack (6.1.6) lib/action_dispatch/middleware/executor.rb:14:in `call'
actionpack (6.1.6) lib/action_dispatch/middleware/static.rb:24:in `call'
rack (2.2.4) lib/rack/sendfile.rb:110:in `call'
actionpack (6.1.6) lib/action_dispatch/middleware/host_authorization.rb:148:in `call'
rack-mini-profiler (2.3.4) lib/mini_profiler/profiler.rb:393:in `call'
webpacker (5.4.3) lib/webpacker/dev_server_proxy.rb:25:in `perform_request'
rack-proxy (0.7.2) lib/rack/proxy.rb:67:in `call'
railties (6.1.6) lib/rails/engine.rb:539:in `call'
puma (5.6.4) lib/puma/configuration.rb:252:in `call'
puma (5.6.4) lib/puma/request.rb:77:in `block in handle_request'
puma (5.6.4) lib/puma/thread_pool.rb:340:in `with_force_shutdown'
puma (5.6.4) lib/puma/request.rb:76:in `handle_request'
puma (5.6.4) lib/puma/server.rb:441:in `process_client'
puma (5.6.4) lib/puma/thread_pool.rb:147:in `block in spawn_thread'
Started GET "/users/1" for 133.55.113.240 at 2022-07-03 10:06:57 +0000
Cannot render console from 133.55.113.240! Allowed networks: 127.0.0.0/127.255.255.255, ::1
Processing by UsersController#show as HTML
  Parameters: {"id"=>"1"}
  [1m[36mUser Load (0.1ms)[0m  [1m[34mSELECT "users".* FROM "users" WHERE "users"."id" = ? LIMIT ?[0m  [["id", 1], ["LIMIT", 1]]
  ↳ app/controllers/users_controller.rb:7:in `show'
  Rendering layout layouts/application.html.erb
  Rendering users/show.html.erb within layouts/application
  [1m[36mUser Load (0.2ms)[0m  [1m[34mSELECT "users".* FROM "users" WHERE "users"."id" = ? ORDER BY "users"."id" ASC LIMIT ?[0m  [["id", 1], ["LIMIT", 1]]
  ↳ app/views/users/show.html.erb:1
  Rendered users/show.html.erb within layouts/application (Duration: 4.7ms | Allocations: 992)
[Webpacker] Everything's up-to-date. Nothing to do
  Rendered layout layouts/application.html.erb (Duration: 14.2ms | Allocations: 4379)
Completed 200 OK in 24ms (Views: 19.9ms | ActiveRecord: 0.3ms | Allocations: 6168)


Started GET "/users/1" for 133.55.113.240 at 2022-07-03 10:09:36 +0000
Cannot render console from 133.55.113.240! Allowed networks: 127.0.0.0/127.255.255.255, ::1
  [1m[35m (0.5ms)[0m  [1m[34mSELECT sqlite_version(*)[0m
  [1m[35m (0.1ms)[0m  [1m[34mSELECT "schema_migrations"."version" FROM "schema_migrations" ORDER BY "schema_migrations"."version" ASC[0m
Processing by UsersController#show as HTML
  Parameters: {"id"=>"1"}
  [1m[36mUser Load (0.1ms)[0m  [1m[34mSELECT "users".* FROM "users" WHERE "users"."id" = ? LIMIT ?[0m  [["id", 1], ["LIMIT", 1]]
  ↳ app/controllers/users_controller.rb:7:in `show'
  Rendering layout layouts/application.html.erb
  Rendering users/show.html.erb within layouts/application
  [1m[36mUser Load (0.2ms)[0m  [1m[34mSELECT "users".* FROM "users" WHERE "users"."id" = ? ORDER BY "users"."id" ASC LIMIT ?[0m  [["id", 1], ["LIMIT", 1]]
  ↳ app/views/users/show.html.erb:1
  Rendered users/show.html.erb within layouts/application (Duration: 4.7ms | Allocations: 1267)
[Webpacker] Everything's up-to-date. Nothing to do
  Rendered layout layouts/application.html.erb (Duration: 23.1ms | Allocations: 7423)
Completed 200 OK in 50ms (Views: 26.2ms | ActiveRecord: 0.8ms | Allocations: 17789)


Started GET "/users/1/edit" for 133.55.113.240 at 2022-07-03 10:09:42 +0000
Cannot render console from 133.55.113.240! Allowed networks: 127.0.0.0/127.255.255.255, ::1
Processing by UsersController#edit as HTML
  Parameters: {"id"=>"1"}
  [1m[36mUser Load (0.1ms)[0m  [1m[34mSELECT "users".* FROM "users" WHERE "users"."id" = ? LIMIT ?[0m  [["id", 1], ["LIMIT", 1]]
  ↳ app/controllers/users_controller.rb:11:in `edit'
  [1m[36mUser Load (0.1ms)[0m  [1m[34mSELECT "users".* FROM "users" WHERE "users"."id" = ? ORDER BY "users"."id" ASC LIMIT ?[0m  [["id", 1], ["LIMIT", 1]]
  ↳ app/controllers/users_controller.rb:12:in `edit'
  Rendering layout layouts/application.html.erb
  Rendering users/edit.html.erb within layouts/application
  Rendered users/edit.html.erb within layouts/application (Duration: 6.7ms | Allocations: 1490)
[Webpacker] Everything's up-to-date. Nothing to do
  Rendered layout layouts/application.html.erb (Duration: 16.2ms | Allocations: 4686)
Completed 200 OK in 26ms (Views: 17.5ms | ActiveRecord: 0.2ms | Allocations: 6543)


Started PATCH "/users/1" for 133.55.113.240 at 2022-07-03 10:10:15 +0000
Cannot render console from 133.55.113.240! Allowed networks: 127.0.0.0/127.255.255.255, ::1
Processing by UsersController#update as HTML
  Parameters: {"authenticity_token"=>"[FILTERED]", "user"=>{"name"=>"test", "profile_image"=>#<ActionDispatch::Http::UploadedFile:0x00007fe72c1bd878 @tempfile=#<Tempfile:/tmp/RackMultipart20220703-802-1ade06o.jpg>, @original_filename="S__93511682.jpg", @content_type="image/jpeg", @headers="Content-Disposition: form-data; name=\"user[profile_image]\"; filename=\"S__93511682.jpg\"\r\nContent-Type: image/jpeg\r\n">, "introduction"=>"i am a test user"}, "commit"=>"Update User", "id"=>"1"}
  [1m[36mUser Load (0.1ms)[0m  [1m[34mSELECT "users".* FROM "users" WHERE "users"."id" = ? LIMIT ?[0m  [["id", 1], ["LIMIT", 1]]
  ↳ app/controllers/users_controller.rb:18:in `update'
  [1m[36mUser Load (0.1ms)[0m  [1m[34mSELECT "users".* FROM "users" WHERE "users"."id" = ? ORDER BY "users"."id" ASC LIMIT ?[0m  [["id", 1], ["LIMIT", 1]]
  ↳ app/controllers/users_controller.rb:19:in `update'
Completed 500 Internal Server Error in 8ms (ActiveRecord: 0.2ms | Allocations: 1967)


  
ArgumentError (wrong number of arguments (given 0, expected 1)):
  
app/controllers/users_controller.rb:23:in `update'
Started GET "/users/1/edit" for 133.55.113.240 at 2022-07-03 10:10:46 +0000
Cannot render console from 133.55.113.240! Allowed networks: 127.0.0.0/127.255.255.255, ::1
Processing by UsersController#edit as HTML
  Parameters: {"id"=>"1"}
  [1m[36mUser Load (0.1ms)[0m  [1m[34mSELECT "users".* FROM "users" WHERE "users"."id" = ? LIMIT ?[0m  [["id", 1], ["LIMIT", 1]]
  ↳ app/controllers/users_controller.rb:11:in `edit'
  [1m[36mUser Load (0.1ms)[0m  [1m[34mSELECT "users".* FROM "users" WHERE "users"."id" = ? ORDER BY "users"."id" ASC LIMIT ?[0m  [["id", 1], ["LIMIT", 1]]
  ↳ app/controllers/users_controller.rb:12:in `edit'
  Rendering layout layouts/application.html.erb
  Rendering users/edit.html.erb within layouts/application
  Rendered users/edit.html.erb within layouts/application (Duration: 2.0ms | Allocations: 658)
[Webpacker] Everything's up-to-date. Nothing to do
  Rendered layout layouts/application.html.erb (Duration: 9.1ms | Allocations: 3978)
Completed 200 OK in 20ms (Views: 12.1ms | ActiveRecord: 0.2ms | Allocations: 5971)


Started PATCH "/users/1" for 133.55.113.240 at 2022-07-03 10:11:03 +0000
Cannot render console from 133.55.113.240! Allowed networks: 127.0.0.0/127.255.255.255, ::1
Processing by UsersController#update as HTML
  Parameters: {"authenticity_token"=>"[FILTERED]", "user"=>{"name"=>"test", "profile_image"=>#<ActionDispatch::Http::UploadedFile:0x00007fe728056128 @tempfile=#<Tempfile:/tmp/RackMultipart20220703-802-1sf6fai.jpg>, @original_filename="S__93511682.jpg", @content_type="image/jpeg", @headers="Content-Disposition: form-data; name=\"user[profile_image]\"; filename=\"S__93511682.jpg\"\r\nContent-Type: image/jpeg\r\n">, "introduction"=>"i am a test user"}, "commit"=>"Update User", "id"=>"1"}
  [1m[35m (0.1ms)[0m  [1m[34mSELECT sqlite_version(*)[0m
  ↳ app/controllers/users_controller.rb:18:in `update'
  [1m[36mUser Load (0.1ms)[0m  [1m[34mSELECT "users".* FROM "users" WHERE "users"."id" = ? LIMIT ?[0m  [["id", 1], ["LIMIT", 1]]
  ↳ app/controllers/users_controller.rb:18:in `update'
  [1m[36mUser Load (0.2ms)[0m  [1m[34mSELECT "users".* FROM "users" WHERE "users"."id" = ? ORDER BY "users"."id" ASC LIMIT ?[0m  [["id", 1], ["LIMIT", 1]]
  ↳ app/controllers/users_controller.rb:19:in `update'
  [1m[36mTRANSACTION (0.1ms)[0m  [1m[36mbegin transaction[0m
  ↳ app/controllers/users_controller.rb:23:in `update'
  [1m[36mUser Update (4.6ms)[0m  [1m[33mUPDATE "users" SET "name" = ?, "introduction" = ?, "updated_at" = ? WHERE "users"."id" = ?[0m  [["name", "test"], ["introduction", "i am a test user"], ["updated_at", "2022-07-03 10:11:03.339863"], ["id", 1]]
  ↳ app/controllers/users_controller.rb:23:in `update'
  [1m[36mActiveStorage::Blob Load (0.1ms)[0m  [1m[34mSELECT "active_storage_blobs".* FROM "active_storage_blobs" INNER JOIN "active_storage_attachments" ON "active_storage_blobs"."id" = "active_storage_attachments"."blob_id" WHERE "active_storage_attachments"."record_id" = ? AND "active_storage_attachments"."record_type" = ? AND "active_storage_attachments"."name" = ? LIMIT ?[0m  [["record_id", 1], ["record_type", "User"], ["name", "profile_image"], ["LIMIT", 1]]
  ↳ app/controllers/users_controller.rb:23:in `update'
  [1m[36mActiveStorage::Attachment Load (0.2ms)[0m  [1m[34mSELECT "active_storage_attachments".* FROM "active_storage_attachments" WHERE "active_storage_attachments"."record_id" = ? AND "active_storage_attachments"."record_type" = ? AND "active_storage_attachments"."name" = ? LIMIT ?[0m  [["record_id", 1], ["record_type", "User"], ["name", "profile_image"], ["LIMIT", 1]]
  ↳ app/controllers/users_controller.rb:23:in `update'
  [1m[36mActiveStorage::Blob Create (5.0ms)[0m  [1m[32mINSERT INTO "active_storage_blobs" ("key", "filename", "content_type", "metadata", "service_name", "byte_size", "checksum", "created_at") VALUES (?, ?, ?, ?, ?, ?, ?, ?)[0m  [["key", "e340ow595s5srzzlf52lo0ljtc3z"], ["filename", "S__93511682.jpg"], ["content_type", "image/jpeg"], ["metadata", "{\"identified\":true}"], ["service_name", "local"], ["byte_size", 94056], ["checksum", "FJl14bmKKd2EBRzgyfeUMA=="], ["created_at", "2022-07-03 10:11:03.416481"]]
  ↳ app/controllers/users_controller.rb:23:in `update'
  [1m[36mActiveStorage::Attachment Create (5.0ms)[0m  [1m[32mINSERT INTO "active_storage_attachments" ("name", "record_type", "record_id", "blob_id", "created_at") VALUES (?, ?, ?, ?, ?)[0m  [["name", "profile_image"], ["record_type", "User"], ["record_id", 1], ["blob_id", 1], ["created_at", "2022-07-03 10:11:03.458639"]]
  ↳ app/controllers/users_controller.rb:23:in `update'
  [1m[36mUser Update (0.2ms)[0m  [1m[33mUPDATE "users" SET "updated_at" = ? WHERE "users"."id" = ?[0m  [["updated_at", "2022-07-03 10:11:03.478754"], ["id", 1]]
  ↳ app/controllers/users_controller.rb:23:in `update'
  [1m[36mTRANSACTION (9.0ms)[0m  [1m[36mcommit transaction[0m
  ↳ app/controllers/users_controller.rb:23:in `update'
[36m  Disk Storage (1.3ms) [0m[32mUploaded file to key: e340ow595s5srzzlf52lo0ljtc3z (checksum: FJl14bmKKd2EBRzgyfeUMA==)[0m
[ActiveJob] Enqueued ActiveStorage::AnalyzeJob (Job ID: be0e1f41-f293-4964-8626-b1e48367e6c2) to Async(default) with arguments: #<GlobalID:0x0000000003a68490 @uri=#<URI::GID gid://webapp1/ActiveStorage::Blob/1>>
Redirected to https://a3122fc52bf14d37a1b7d56c7b029d9b.vfs.cloud9.ap-northeast-1.amazonaws.com/users/1
Completed 302 Found in 249ms (ActiveRecord: 28.7ms | Allocations: 50242)


Started GET "/users/1" for 133.55.113.240 at 2022-07-03 10:11:03 +0000
Cannot render console from 133.55.113.240! Allowed networks: 127.0.0.0/127.255.255.255, ::1
Processing by UsersController#show as HTML
  Parameters: {"id"=>"1"}
  [1m[35m (0.1ms)[0m  [1m[34mSELECT sqlite_version(*)[0m
  [1m[35m (0.1ms)[0m  [1m[34mSELECT sqlite_version(*)[0m
  [1m[36mActiveStorage::Blob Load (5.8ms)[0m  [1m[34mSELECT "active_storage_blobs".* FROM "active_storage_blobs" WHERE "active_storage_blobs"."id" = ? LIMIT ?[0m  [["id", 1], ["LIMIT", 1]]
  ↳ app/controllers/users_controller.rb:7:in `show'
[ActiveJob] [ActiveStorage::AnalyzeJob] [be0e1f41-f293-4964-8626-b1e48367e6c2] Performing ActiveStorage::AnalyzeJob (Job ID: be0e1f41-f293-4964-8626-b1e48367e6c2) from Async(default) enqueued at 2022-07-03T10:11:03Z with arguments: #<GlobalID:0x00007fe7340129d0 @uri=#<URI::GID gid://webapp1/ActiveStorage::Blob/1>>
[ActiveJob] [ActiveStorage::AnalyzeJob] [be0e1f41-f293-4964-8626-b1e48367e6c2] [36m  Disk Storage (0.2ms) [0m[34mDownloaded file from key: e340ow595s5srzzlf52lo0ljtc3z[0m
  [1m[36mUser Load (0.1ms)[0m  [1m[34mSELECT "users".* FROM "users" WHERE "users"."id" = ? LIMIT ?[0m  [["id", 1], ["LIMIT", 1]]
  ↳ app/controllers/users_controller.rb:7:in `show'
  Rendering layout layouts/application.html.erb
  Rendering users/show.html.erb within layouts/application
  [1m[36mUser Load (0.2ms)[0m  [1m[34mSELECT "users".* FROM "users" WHERE "users"."id" = ? ORDER BY "users"."id" ASC LIMIT ?[0m  [["id", 1], ["LIMIT", 1]]
  ↳ app/views/users/show.html.erb:1
  Rendered users/show.html.erb within layouts/application (Duration: 2.7ms | Allocations: 995)
[Webpacker] Everything's up-to-date. Nothing to do
  Rendered layout layouts/application.html.erb (Duration: 23.3ms | Allocations: 6916)
Completed 200 OK in 123ms (Views: 36.5ms | ActiveRecord: 1.4ms | Allocations: 27711)


[ActiveJob] [ActiveStorage::AnalyzeJob] [be0e1f41-f293-4964-8626-b1e48367e6c2]   [1m[36mTRANSACTION (0.1ms)[0m  [1m[36mbegin transaction[0m
[ActiveJob] [ActiveStorage::AnalyzeJob] [be0e1f41-f293-4964-8626-b1e48367e6c2]   [1m[36mActiveStorage::Blob Update (4.5ms)[0m  [1m[33mUPDATE "active_storage_blobs" SET "metadata" = ? WHERE "active_storage_blobs"."id" = ?[0m  [["metadata", "{\"identified\":true,\"width\":1414,\"height\":870,\"analyzed\":true}"], ["id", 1]]
[ActiveJob] [ActiveStorage::AnalyzeJob] [be0e1f41-f293-4964-8626-b1e48367e6c2]   [1m[36mTRANSACTION (4.0ms)[0m  [1m[36mcommit transaction[0m
[ActiveJob] [ActiveStorage::AnalyzeJob] [be0e1f41-f293-4964-8626-b1e48367e6c2] Performed ActiveStorage::AnalyzeJob (Job ID: be0e1f41-f293-4964-8626-b1e48367e6c2) from Async(default) in 287.3ms
Started GET "/users/1" for 133.55.113.240 at 2022-07-03 10:11:30 +0000
Cannot render console from 133.55.113.240! Allowed networks: 127.0.0.0/127.255.255.255, ::1
Processing by UsersController#show as HTML
  Parameters: {"id"=>"1"}
  [1m[36mUser Load (0.2ms)[0m  [1m[34mSELECT "users".* FROM "users" WHERE "users"."id" = ? LIMIT ?[0m  [["id", 1], ["LIMIT", 1]]
  ↳ app/controllers/users_controller.rb:7:in `show'
  Rendering layout layouts/application.html.erb
  Rendering users/show.html.erb within layouts/application
  [1m[36mUser Load (0.2ms)[0m  [1m[34mSELECT "users".* FROM "users" WHERE "users"."id" = ? ORDER BY "users"."id" ASC LIMIT ?[0m  [["id", 1], ["LIMIT", 1]]
  ↳ app/views/users/show.html.erb:1
  Rendered users/show.html.erb within layouts/application (Duration: 5.1ms | Allocations: 1148)
[Webpacker] Everything's up-to-date. Nothing to do
  Rendered layout layouts/application.html.erb (Duration: 16.8ms | Allocations: 4674)
Completed 200 OK in 26ms (Views: 20.9ms | ActiveRecord: 0.4ms | Allocations: 6652)


Started GET "/users/1" for 133.55.113.240 at 2022-07-03 10:14:01 +0000
Cannot render console from 133.55.113.240! Allowed networks: 127.0.0.0/127.255.255.255, ::1
  [1m[35m (0.4ms)[0m  [1m[34mSELECT sqlite_version(*)[0m
  [1m[35m (0.2ms)[0m  [1m[34mSELECT "schema_migrations"."version" FROM "schema_migrations" ORDER BY "schema_migrations"."version" ASC[0m
Processing by UsersController#show as HTML
  Parameters: {"id"=>"1"}
  [1m[36mUser Load (0.2ms)[0m  [1m[34mSELECT "users".* FROM "users" WHERE "users"."id" = ? LIMIT ?[0m  [["id", 1], ["LIMIT", 1]]
  ↳ app/controllers/users_controller.rb:7:in `show'
  Rendering layout layouts/application.html.erb
  Rendering users/show.html.erb within layouts/application
  Rendered users/show.html.erb within layouts/application (Duration: 6.2ms | Allocations: 3974)
  Rendered layout layouts/application.html.erb (Duration: 8.5ms | Allocations: 4049)
Completed 500 Internal Server Error in 43ms (ActiveRecord: 0.8ms | Allocations: 14385)


  
ActionView::Template::Error (undefined local variable or method `book' for #<ActionView::Base:0x000000064d3a90>):
    1: <%= image_tag book.user.get_profile_image("40x40") %>
    2: <%= current_user.name%>
    3: <%= current_user.email%>
  
app/views/users/show.html.erb:1
Started GET "/users/1" for 133.55.113.240 at 2022-07-03 10:14:36 +0000
Cannot render console from 133.55.113.240! Allowed networks: 127.0.0.0/127.255.255.255, ::1
Processing by UsersController#show as HTML
  Parameters: {"id"=>"1"}
  [1m[36mUser Load (0.2ms)[0m  [1m[34mSELECT "users".* FROM "users" WHERE "users"."id" = ? LIMIT ?[0m  [["id", 1], ["LIMIT", 1]]
  ↳ app/controllers/users_controller.rb:7:in `show'
  Rendering layout layouts/application.html.erb
  Rendering users/show.html.erb within layouts/application
  [1m[36mUser Load (0.2ms)[0m  [1m[34mSELECT "users".* FROM "users" WHERE "users"."id" = ? ORDER BY "users"."id" ASC LIMIT ?[0m  [["id", 1], ["LIMIT", 1]]
  ↳ app/views/users/show.html.erb:1
  [1m[36mActiveStorage::Attachment Load (0.2ms)[0m  [1m[34mSELECT "active_storage_attachments".* FROM "active_storage_attachments" WHERE "active_storage_attachments"."record_id" = ? AND "active_storage_attachments"."record_type" = ? AND "active_storage_attachments"."name" = ? LIMIT ?[0m  [["record_id", 1], ["record_type", "User"], ["name", "profile_image"], ["LIMIT", 1]]
  ↳ app/models/user.rb:11:in `get_profile_image'
  [1m[36mActiveStorage::Blob Load (0.1ms)[0m  [1m[34mSELECT "active_storage_blobs".* FROM "active_storage_blobs" WHERE "active_storage_blobs"."id" = ? LIMIT ?[0m  [["id", 1], ["LIMIT", 1]]
  ↳ app/models/user.rb:15:in `get_profile_image'
  [1m[36mActiveStorage::VariantRecord Load (0.1ms)[0m  [1m[34mSELECT "active_storage_variant_records".* FROM "active_storage_variant_records" WHERE "active_storage_variant_records"."blob_id" = ? AND "active_storage_variant_records"."variation_digest" = ? LIMIT ?[0m  [["blob_id", 1], ["variation_digest", "bIvSaT/ToTRUmryFF/rkTYZ6dn4="], ["LIMIT", 1]]
  ↳ app/models/user.rb:15:in `get_profile_image'
[36m  Disk Storage (0.2ms) [0m[34mDownloaded file from key: e340ow595s5srzzlf52lo0ljtc3z[0m
  [1m[36mTRANSACTION (0.1ms)[0m  [1m[36mbegin transaction[0m
  ↳ app/models/user.rb:15:in `get_profile_image'
  [1m[36mActiveStorage::VariantRecord Create (6.5ms)[0m  [1m[32mINSERT INTO "active_storage_variant_records" ("blob_id", "variation_digest") VALUES (?, ?)[0m  [["blob_id", 1], ["variation_digest", "bIvSaT/ToTRUmryFF/rkTYZ6dn4="]]
  ↳ app/models/user.rb:15:in `get_profile_image'
  [1m[36mActiveStorage::Blob Load (0.2ms)[0m  [1m[34mSELECT "active_storage_blobs".* FROM "active_storage_blobs" INNER JOIN "active_storage_attachments" ON "active_storage_blobs"."id" = "active_storage_attachments"."blob_id" WHERE "active_storage_attachments"."record_id" = ? AND "active_storage_attachments"."record_type" = ? AND "active_storage_attachments"."name" = ? LIMIT ?[0m  [["record_id", 1], ["record_type", "ActiveStorage::VariantRecord"], ["name", "image"], ["LIMIT", 1]]
  ↳ app/models/user.rb:15:in `get_profile_image'
  [1m[36mActiveStorage::Attachment Load (0.1ms)[0m  [1m[34mSELECT "active_storage_attachments".* FROM "active_storage_attachments" WHERE "active_storage_attachments"."record_id" = ? AND "active_storage_attachments"."record_type" = ? AND "active_storage_attachments"."name" = ? LIMIT ?[0m  [["record_id", 1], ["record_type", "ActiveStorage::VariantRecord"], ["name", "image"], ["LIMIT", 1]]
  ↳ app/models/user.rb:15:in `get_profile_image'
  [1m[36mActiveStorage::Blob Create (6.4ms)[0m  [1m[32mINSERT INTO "active_storage_blobs" ("key", "filename", "content_type", "metadata", "service_name", "byte_size", "checksum", "created_at") VALUES (?, ?, ?, ?, ?, ?, ?, ?)[0m  [["key", "yxzqdzmlbvgyb5xyystfyxzrxtta"], ["filename", "S__93511682.jpg"], ["content_type", "image/jpeg"], ["metadata", "{\"identified\":true}"], ["service_name", "local"], ["byte_size", 988], ["checksum", "LSdJkXBpF9GlDB6TSleVMw=="], ["created_at", "2022-07-03 10:14:36.612608"]]
  ↳ app/models/user.rb:15:in `get_profile_image'
  [1m[36mActiveStorage::Attachment Create (5.0ms)[0m  [1m[32mINSERT INTO "active_storage_attachments" ("name", "record_type", "record_id", "blob_id", "created_at") VALUES (?, ?, ?, ?, ?)[0m  [["name", "image"], ["record_type", "ActiveStorage::VariantRecord"], ["record_id", 1], ["blob_id", 2], ["created_at", "2022-07-03 10:14:36.623736"]]
  ↳ app/models/user.rb:15:in `get_profile_image'
  [1m[36mTRANSACTION (7.6ms)[0m  [1m[36mcommit transaction[0m
  ↳ app/models/user.rb:15:in `get_profile_image'
[36m  Disk Storage (2.7ms) [0m[32mUploaded file to key: yxzqdzmlbvgyb5xyystfyxzrxtta (checksum: LSdJkXBpF9GlDB6TSleVMw==)[0m
[ActiveJob] Enqueued ActiveStorage::AnalyzeJob (Job ID: 5b4d26b9-d987-47ef-b55a-32d43462beb2) to Async(default) with arguments: #<GlobalID:0x0000000004f155c8 @uri=#<URI::GID gid://webapp1/ActiveStorage::Blob/2>>
  Rendered users/show.html.erb within layouts/application (Duration: 283.8ms | Allocations: 62719)
  [1m[35m (0.1ms)[0m  [1m[34mSELECT sqlite_version(*)[0m
  [1m[36mActiveStorage::Blob Load (0.2ms)[0m  [1m[34mSELECT "active_storage_blobs".* FROM "active_storage_blobs" WHERE "active_storage_blobs"."id" = ? LIMIT ?[0m  [["id", 2], ["LIMIT", 1]]
[ActiveJob] [ActiveStorage::AnalyzeJob] [5b4d26b9-d987-47ef-b55a-32d43462beb2] Performing ActiveStorage::AnalyzeJob (Job ID: 5b4d26b9-d987-47ef-b55a-32d43462beb2) from Async(default) enqueued at 2022-07-03T10:14:36Z with arguments: #<GlobalID:0x0000000004f41830 @uri=#<URI::GID gid://webapp1/ActiveStorage::Blob/2>>
[ActiveJob] [ActiveStorage::AnalyzeJob] [5b4d26b9-d987-47ef-b55a-32d43462beb2] [36m  Disk Storage (0.1ms) [0m[34mDownloaded file from key: yxzqdzmlbvgyb5xyystfyxzrxtta[0m
[Webpacker] Everything's up-to-date. Nothing to do
  Rendered layout layouts/application.html.erb (Duration: 322.2ms | Allocations: 77170)
Completed 200 OK in 331ms (Views: 297.6ms | ActiveRecord: 28.3ms | Allocations: 79136)


[ActiveJob] [ActiveStorage::AnalyzeJob] [5b4d26b9-d987-47ef-b55a-32d43462beb2]   [1m[36mTRANSACTION (0.1ms)[0m  [1m[36mbegin transaction[0m
[ActiveJob] [ActiveStorage::AnalyzeJob] [5b4d26b9-d987-47ef-b55a-32d43462beb2]   [1m[36mActiveStorage::Blob Update (1.4ms)[0m  [1m[33mUPDATE "active_storage_blobs" SET "metadata" = ? WHERE "active_storage_blobs"."id" = ?[0m  [["metadata", "{\"identified\":true,\"width\":40,\"height\":25,\"analyzed\":true}"], ["id", 2]]
[ActiveJob] [ActiveStorage::AnalyzeJob] [5b4d26b9-d987-47ef-b55a-32d43462beb2]   [1m[36mTRANSACTION (5.3ms)[0m  [1m[36mcommit transaction[0m
[ActiveJob] [ActiveStorage::AnalyzeJob] [5b4d26b9-d987-47ef-b55a-32d43462beb2] Performed ActiveStorage::AnalyzeJob (Job ID: 5b4d26b9-d987-47ef-b55a-32d43462beb2) from Async(default) in 71.75ms
Started GET "/rails/active_storage/representations/redirect/eyJfcmFpbHMiOnsibWVzc2FnZSI6IkJBaHBCZz09IiwiZXhwIjpudWxsLCJwdXIiOiJibG9iX2lkIn19--8d06cdb0174ebc00485db99e0c250728673e4401/eyJfcmFpbHMiOnsibWVzc2FnZSI6IkJBaDdCem9MWm05eWJXRjBTU0lJYW5CbkJqb0dSVlE2QzNKbGMybDZaVWtpQ2pRd2VEUXdCanNHVkE9PSIsImV4cCI6bnVsbCwicHVyIjoidmFyaWF0aW9uIn19--39f248acf5414f9fd9260e4161de8ef8417ffd85/S__93511682.jpg" for 133.55.113.240 at 2022-07-03 10:14:36 +0000
Cannot render console from 133.55.113.240! Allowed networks: 127.0.0.0/127.255.255.255, ::1
Processing by ActiveStorage::Representations::RedirectController#show as JPEG
  Parameters: {"signed_blob_id"=>"eyJfcmFpbHMiOnsibWVzc2FnZSI6IkJBaHBCZz09IiwiZXhwIjpudWxsLCJwdXIiOiJibG9iX2lkIn19--8d06cdb0174ebc00485db99e0c250728673e4401", "variation_key"=>"[FILTERED]", "filename"=>"S__93511682"}
  [1m[36mActiveStorage::Blob Load (0.1ms)[0m  [1m[34mSELECT "active_storage_blobs".* FROM "active_storage_blobs" WHERE "active_storage_blobs"."id" = ? LIMIT ?[0m  [["id", 1], ["LIMIT", 1]]
  [1m[36mActiveStorage::VariantRecord Load (0.2ms)[0m  [1m[34mSELECT "active_storage_variant_records".* FROM "active_storage_variant_records" WHERE "active_storage_variant_records"."blob_id" = ? AND "active_storage_variant_records"."variation_digest" = ? LIMIT ?[0m  [["blob_id", 1], ["variation_digest", "bIvSaT/ToTRUmryFF/rkTYZ6dn4="], ["LIMIT", 1]]
  [1m[36mActiveStorage::Attachment Load (0.2ms)[0m  [1m[34mSELECT "active_storage_attachments".* FROM "active_storage_attachments" WHERE "active_storage_attachments"."record_id" = ? AND "active_storage_attachments"."record_type" = ? AND "active_storage_attachments"."name" = ? LIMIT ?[0m  [["record_id", 1], ["record_type", "ActiveStorage::VariantRecord"], ["name", "image"], ["LIMIT", 1]]
  [1m[36mActiveStorage::Blob Load (0.1ms)[0m  [1m[34mSELECT "active_storage_blobs".* FROM "active_storage_blobs" WHERE "active_storage_blobs"."id" = ? LIMIT ?[0m  [["id", 2], ["LIMIT", 1]]
[36m  Disk Storage (0.8ms) [0m[34mGenerated URL for file at key: yxzqdzmlbvgyb5xyystfyxzrxtta (https://a3122fc52bf14d37a1b7d56c7b029d9b.vfs.cloud9.ap-northeast-1.amazonaws.com/rails/active_storage/disk/eyJfcmFpbHMiOnsibWVzc2FnZSI6IkJBaDdDVG9JYTJWNVNTSWhlWGg2Y1dSNmJXeGlkbWQ1WWpWNGVYbHpkR1o1ZUhweWVIUjBZUVk2QmtWVU9oQmthWE53YjNOcGRHbHZia2tpU1dsdWJHbHVaVHNnWm1sc1pXNWhiV1U5SWxOZlh6a3pOVEV4TmpneUxtcHdaeUk3SUdacGJHVnVZVzFsS2oxVlZFWXRPQ2NuVTE5Zk9UTTFNVEUyT0RJdWFuQm5CanNHVkRvUlkyOXVkR1Z1ZEY5MGVYQmxTU0lQYVcxaFoyVXZhbkJsWndZN0JsUTZFWE5sY25acFkyVmZibUZ0WlRvS2JHOWpZV3c9IiwiZXhwIjoiMjAyMi0wNy0wM1QxMDoxOTozNi44MDNaIiwicHVyIjoiYmxvYl9rZXkifX0=--496e411b0f37240ba2ac8eda45c31b30c2949b05/S__93511682.jpg)[0m
Redirected to https://a3122fc52bf14d37a1b7d56c7b029d9b.vfs.cloud9.ap-northeast-1.amazonaws.com/rails/active_storage/disk/eyJfcmFpbHMiOnsibWVzc2FnZSI6IkJBaDdDVG9JYTJWNVNTSWhlWGg2Y1dSNmJXeGlkbWQ1WWpWNGVYbHpkR1o1ZUhweWVIUjBZUVk2QmtWVU9oQmthWE53YjNOcGRHbHZia2tpU1dsdWJHbHVaVHNnWm1sc1pXNWhiV1U5SWxOZlh6a3pOVEV4TmpneUxtcHdaeUk3SUdacGJHVnVZVzFsS2oxVlZFWXRPQ2NuVTE5Zk9UTTFNVEUyT0RJdWFuQm5CanNHVkRvUlkyOXVkR1Z1ZEY5MGVYQmxTU0lQYVcxaFoyVXZhbkJsWndZN0JsUTZFWE5sY25acFkyVmZibUZ0WlRvS2JHOWpZV3c9IiwiZXhwIjoiMjAyMi0wNy0wM1QxMDoxOTozNi44MDNaIiwicHVyIjoiYmxvYl9rZXkifX0=--496e411b0f37240ba2ac8eda45c31b30c2949b05/S__93511682.jpg
Completed 302 Found in 37ms (ActiveRecord: 0.6ms | Allocations: 5443)


Started GET "/rails/active_storage/disk/eyJfcmFpbHMiOnsibWVzc2FnZSI6IkJBaDdDVG9JYTJWNVNTSWhlWGg2Y1dSNmJXeGlkbWQ1WWpWNGVYbHpkR1o1ZUhweWVIUjBZUVk2QmtWVU9oQmthWE53YjNOcGRHbHZia2tpU1dsdWJHbHVaVHNnWm1sc1pXNWhiV1U5SWxOZlh6a3pOVEV4TmpneUxtcHdaeUk3SUdacGJHVnVZVzFsS2oxVlZFWXRPQ2NuVTE5Zk9UTTFNVEUyT0RJdWFuQm5CanNHVkRvUlkyOXVkR1Z1ZEY5MGVYQmxTU0lQYVcxaFoyVXZhbkJsWndZN0JsUTZFWE5sY25acFkyVmZibUZ0WlRvS2JHOWpZV3c9IiwiZXhwIjoiMjAyMi0wNy0wM1QxMDoxOTozNi44MDNaIiwicHVyIjoiYmxvYl9rZXkifX0=--496e411b0f37240ba2ac8eda45c31b30c2949b05/S__93511682.jpg" for 133.55.113.240 at 2022-07-03 10:14:36 +0000
Cannot render console from 133.55.113.240! Allowed networks: 127.0.0.0/127.255.255.255, ::1
Processing by ActiveStorage::DiskController#show as JPEG
  Parameters: {"encoded_key"=>"[FILTERED]", "filename"=>"S__93511682"}
Completed 200 OK in 1ms (ActiveRecord: 0.0ms | Allocations: 344)


Started GET "/users/1" for 133.55.113.240 at 2022-07-03 10:14:55 +0000
Cannot render console from 133.55.113.240! Allowed networks: 127.0.0.0/127.255.255.255, ::1
Processing by UsersController#show as HTML
  Parameters: {"id"=>"1"}
  [1m[36mUser Load (0.2ms)[0m  [1m[34mSELECT "users".* FROM "users" WHERE "users"."id" = ? LIMIT ?[0m  [["id", 1], ["LIMIT", 1]]
  ↳ app/controllers/users_controller.rb:7:in `show'
  Rendering layout layouts/application.html.erb
  Rendering users/show.html.erb within layouts/application
  [1m[36mActiveStorage::Attachment Load (0.1ms)[0m  [1m[34mSELECT "active_storage_attachments".* FROM "active_storage_attachments" WHERE "active_storage_attachments"."record_id" = ? AND "active_storage_attachments"."record_type" = ? AND "active_storage_attachments"."name" = ? LIMIT ?[0m  [["record_id", 1], ["record_type", "User"], ["name", "profile_image"], ["LIMIT", 1]]
  ↳ app/models/user.rb:11:in `get_profile_image'
  [1m[36mActiveStorage::Blob Load (0.1ms)[0m  [1m[34mSELECT "active_storage_blobs".* FROM "active_storage_blobs" WHERE "active_storage_blobs"."id" = ? LIMIT ?[0m  [["id", 1], ["LIMIT", 1]]
  ↳ app/models/user.rb:15:in `get_profile_image'
  [1m[36mActiveStorage::VariantRecord Load (0.1ms)[0m  [1m[34mSELECT "active_storage_variant_records".* FROM "active_storage_variant_records" WHERE "active_storage_variant_records"."blob_id" = ? AND "active_storage_variant_records"."variation_digest" = ? LIMIT ?[0m  [["blob_id", 1], ["variation_digest", "2I4vacTweZZ9Jow7S2lQLqiNQvs="], ["LIMIT", 1]]
  ↳ app/models/user.rb:15:in `get_profile_image'
[36m  Disk Storage (0.2ms) [0m[34mDownloaded file from key: e340ow595s5srzzlf52lo0ljtc3z[0m
  [1m[36mTRANSACTION (0.1ms)[0m  [1m[36mbegin transaction[0m
  ↳ app/models/user.rb:15:in `get_profile_image'
  [1m[36mActiveStorage::VariantRecord Create (5.2ms)[0m  [1m[32mINSERT INTO "active_storage_variant_records" ("blob_id", "variation_digest") VALUES (?, ?)[0m  [["blob_id", 1], ["variation_digest", "2I4vacTweZZ9Jow7S2lQLqiNQvs="]]
  ↳ app/models/user.rb:15:in `get_profile_image'
  [1m[36mActiveStorage::Blob Load (0.2ms)[0m  [1m[34mSELECT "active_storage_blobs".* FROM "active_storage_blobs" INNER JOIN "active_storage_attachments" ON "active_storage_blobs"."id" = "active_storage_attachments"."blob_id" WHERE "active_storage_attachments"."record_id" = ? AND "active_storage_attachments"."record_type" = ? AND "active_storage_attachments"."name" = ? LIMIT ?[0m  [["record_id", 2], ["record_type", "ActiveStorage::VariantRecord"], ["name", "image"], ["LIMIT", 1]]
  ↳ app/models/user.rb:15:in `get_profile_image'
  [1m[36mActiveStorage::Attachment Load (0.1ms)[0m  [1m[34mSELECT "active_storage_attachments".* FROM "active_storage_attachments" WHERE "active_storage_attachments"."record_id" = ? AND "active_storage_attachments"."record_type" = ? AND "active_storage_attachments"."name" = ? LIMIT ?[0m  [["record_id", 2], ["record_type", "ActiveStorage::VariantRecord"], ["name", "image"], ["LIMIT", 1]]
  ↳ app/models/user.rb:15:in `get_profile_image'
  [1m[36mActiveStorage::Blob Create (5.7ms)[0m  [1m[32mINSERT INTO "active_storage_blobs" ("key", "filename", "content_type", "metadata", "service_name", "byte_size", "checksum", "created_at") VALUES (?, ?, ?, ?, ?, ?, ?, ?)[0m  [["key", "y51yhjohbw7g0larum1i3vch7zgq"], ["filename", "S__93511682.jpg"], ["content_type", "image/jpeg"], ["metadata", "{\"identified\":true}"], ["service_name", "local"], ["byte_size", 2647], ["checksum", "Yq7IrOpY28HCyFZizD3sSg=="], ["created_at", "2022-07-03 10:14:56.131730"]]
  ↳ app/models/user.rb:15:in `get_profile_image'
  [1m[36mActiveStorage::Attachment Create (7.2ms)[0m  [1m[32mINSERT INTO "active_storage_attachments" ("name", "record_type", "record_id", "blob_id", "created_at") VALUES (?, ?, ?, ?, ?)[0m  [["name", "image"], ["record_type", "ActiveStorage::VariantRecord"], ["record_id", 2], ["blob_id", 3], ["created_at", "2022-07-03 10:14:56.143242"]]
  ↳ app/models/user.rb:15:in `get_profile_image'
  [1m[36mTRANSACTION (7.4ms)[0m  [1m[36mcommit transaction[0m
  ↳ app/models/user.rb:15:in `get_profile_image'
[36m  Disk Storage (1.2ms) [0m[32mUploaded file to key: y51yhjohbw7g0larum1i3vch7zgq (checksum: Yq7IrOpY28HCyFZizD3sSg==)[0m
[ActiveJob] Enqueued ActiveStorage::AnalyzeJob (Job ID: 6f7c4b32-6aa8-484d-9cfe-20c81070e18b) to Async(default) with arguments: #<GlobalID:0x000000000424bd88 @uri=#<URI::GID gid://webapp1/ActiveStorage::Blob/3>>
  [1m[36mActiveStorage::Blob Load (0.1ms)[0m  [1m[34mSELECT "active_storage_blobs".* FROM "active_storage_blobs" WHERE "active_storage_blobs"."id" = ? LIMIT ?[0m  [["id", 3], ["LIMIT", 1]]
[ActiveJob] [ActiveStorage::AnalyzeJob] [6f7c4b32-6aa8-484d-9cfe-20c81070e18b] Performing ActiveStorage::AnalyzeJob (Job ID: 6f7c4b32-6aa8-484d-9cfe-20c81070e18b) from Async(default) enqueued at 2022-07-03T10:14:56Z with arguments: #<GlobalID:0x00000000043373f0 @uri=#<URI::GID gid://webapp1/ActiveStorage::Blob/3>>
[ActiveJob] [ActiveStorage::AnalyzeJob] [6f7c4b32-6aa8-484d-9cfe-20c81070e18b] [36m  Disk Storage (0.1ms) [0m[34mDownloaded file from key: y51yhjohbw7g0larum1i3vch7zgq[0m
  Rendered users/show.html.erb within layouts/application (Duration: 184.6ms | Allocations: 21230)
[Webpacker] Everything's up-to-date. Nothing to do
  Rendered layout layouts/application.html.erb (Duration: 205.0ms | Allocations: 24640)
Completed 200 OK in 213ms (Views: 182.3ms | ActiveRecord: 26.4ms | Allocations: 26528)


[ActiveJob] [ActiveStorage::AnalyzeJob] [6f7c4b32-6aa8-484d-9cfe-20c81070e18b]   [1m[36mTRANSACTION (0.1ms)[0m  [1m[36mbegin transaction[0m
[ActiveJob] [ActiveStorage::AnalyzeJob] [6f7c4b32-6aa8-484d-9cfe-20c81070e18b]   [1m[36mActiveStorage::Blob Update (1.3ms)[0m  [1m[33mUPDATE "active_storage_blobs" SET "metadata" = ? WHERE "active_storage_blobs"."id" = ?[0m  [["metadata", "{\"identified\":true,\"width\":100,\"height\":62,\"analyzed\":true}"], ["id", 3]]
[ActiveJob] [ActiveStorage::AnalyzeJob] [6f7c4b32-6aa8-484d-9cfe-20c81070e18b]   [1m[36mTRANSACTION (7.7ms)[0m  [1m[36mcommit transaction[0m
[ActiveJob] [ActiveStorage::AnalyzeJob] [6f7c4b32-6aa8-484d-9cfe-20c81070e18b] Performed ActiveStorage::AnalyzeJob (Job ID: 6f7c4b32-6aa8-484d-9cfe-20c81070e18b) from Async(default) in 55.51ms
Started GET "/rails/active_storage/representations/redirect/eyJfcmFpbHMiOnsibWVzc2FnZSI6IkJBaHBCZz09IiwiZXhwIjpudWxsLCJwdXIiOiJibG9iX2lkIn19--8d06cdb0174ebc00485db99e0c250728673e4401/eyJfcmFpbHMiOnsibWVzc2FnZSI6IkJBaDdCem9MWm05eWJXRjBTU0lJYW5CbkJqb0dSVlE2QzNKbGMybDZaVWtpRERFd01IZ3hNREFHT3daVSIsImV4cCI6bnVsbCwicHVyIjoidmFyaWF0aW9uIn19--1e90d03f3f0453b528785b2cb807306a83a9795c/S__93511682.jpg" for 133.55.113.240 at 2022-07-03 10:14:56 +0000
Cannot render console from 133.55.113.240! Allowed networks: 127.0.0.0/127.255.255.255, ::1
Processing by ActiveStorage::Representations::RedirectController#show as JPEG
  Parameters: {"signed_blob_id"=>"eyJfcmFpbHMiOnsibWVzc2FnZSI6IkJBaHBCZz09IiwiZXhwIjpudWxsLCJwdXIiOiJibG9iX2lkIn19--8d06cdb0174ebc00485db99e0c250728673e4401", "variation_key"=>"[FILTERED]", "filename"=>"S__93511682"}
  [1m[36mActiveStorage::Blob Load (0.1ms)[0m  [1m[34mSELECT "active_storage_blobs".* FROM "active_storage_blobs" WHERE "active_storage_blobs"."id" = ? LIMIT ?[0m  [["id", 1], ["LIMIT", 1]]
  [1m[36mActiveStorage::VariantRecord Load (0.1ms)[0m  [1m[34mSELECT "active_storage_variant_records".* FROM "active_storage_variant_records" WHERE "active_storage_variant_records"."blob_id" = ? AND "active_storage_variant_records"."variation_digest" = ? LIMIT ?[0m  [["blob_id", 1], ["variation_digest", "2I4vacTweZZ9Jow7S2lQLqiNQvs="], ["LIMIT", 1]]
  [1m[36mActiveStorage::Attachment Load (0.1ms)[0m  [1m[34mSELECT "active_storage_attachments".* FROM "active_storage_attachments" WHERE "active_storage_attachments"."record_id" = ? AND "active_storage_attachments"."record_type" = ? AND "active_storage_attachments"."name" = ? LIMIT ?[0m  [["record_id", 2], ["record_type", "ActiveStorage::VariantRecord"], ["name", "image"], ["LIMIT", 1]]
  [1m[36mActiveStorage::Blob Load (0.1ms)[0m  [1m[34mSELECT "active_storage_blobs".* FROM "active_storage_blobs" WHERE "active_storage_blobs"."id" = ? LIMIT ?[0m  [["id", 3], ["LIMIT", 1]]
[36m  Disk Storage (0.5ms) [0m[34mGenerated URL for file at key: y51yhjohbw7g0larum1i3vch7zgq (https://a3122fc52bf14d37a1b7d56c7b029d9b.vfs.cloud9.ap-northeast-1.amazonaws.com/rails/active_storage/disk/eyJfcmFpbHMiOnsibWVzc2FnZSI6IkJBaDdDVG9JYTJWNVNTSWhlVFV4ZVdocWIyaGlkemRuTUd4aGNuVnRNV2t6ZG1Ob04zcG5jUVk2QmtWVU9oQmthWE53YjNOcGRHbHZia2tpU1dsdWJHbHVaVHNnWm1sc1pXNWhiV1U5SWxOZlh6a3pOVEV4TmpneUxtcHdaeUk3SUdacGJHVnVZVzFsS2oxVlZFWXRPQ2NuVTE5Zk9UTTFNVEUyT0RJdWFuQm5CanNHVkRvUlkyOXVkR1Z1ZEY5MGVYQmxTU0lQYVcxaFoyVXZhbkJsWndZN0JsUTZFWE5sY25acFkyVmZibUZ0WlRvS2JHOWpZV3c9IiwiZXhwIjoiMjAyMi0wNy0wM1QxMDoxOTo1Ni4yNzZaIiwicHVyIjoiYmxvYl9rZXkifX0=--bebe9a047a690d27ea7663d4cf849dc9f7f4cb02/S__93511682.jpg)[0m
Redirected to https://a3122fc52bf14d37a1b7d56c7b029d9b.vfs.cloud9.ap-northeast-1.amazonaws.com/rails/active_storage/disk/eyJfcmFpbHMiOnsibWVzc2FnZSI6IkJBaDdDVG9JYTJWNVNTSWhlVFV4ZVdocWIyaGlkemRuTUd4aGNuVnRNV2t6ZG1Ob04zcG5jUVk2QmtWVU9oQmthWE53YjNOcGRHbHZia2tpU1dsdWJHbHVaVHNnWm1sc1pXNWhiV1U5SWxOZlh6a3pOVEV4TmpneUxtcHdaeUk3SUdacGJHVnVZVzFsS2oxVlZFWXRPQ2NuVTE5Zk9UTTFNVEUyT0RJdWFuQm5CanNHVkRvUlkyOXVkR1Z1ZEY5MGVYQmxTU0lQYVcxaFoyVXZhbkJsWndZN0JsUTZFWE5sY25acFkyVmZibUZ0WlRvS2JHOWpZV3c9IiwiZXhwIjoiMjAyMi0wNy0wM1QxMDoxOTo1Ni4yNzZaIiwicHVyIjoiYmxvYl9rZXkifX0=--bebe9a047a690d27ea7663d4cf849dc9f7f4cb02/S__93511682.jpg
Completed 302 Found in 26ms (ActiveRecord: 0.4ms | Allocations: 4959)


Started GET "/rails/active_storage/disk/eyJfcmFpbHMiOnsibWVzc2FnZSI6IkJBaDdDVG9JYTJWNVNTSWhlVFV4ZVdocWIyaGlkemRuTUd4aGNuVnRNV2t6ZG1Ob04zcG5jUVk2QmtWVU9oQmthWE53YjNOcGRHbHZia2tpU1dsdWJHbHVaVHNnWm1sc1pXNWhiV1U5SWxOZlh6a3pOVEV4TmpneUxtcHdaeUk3SUdacGJHVnVZVzFsS2oxVlZFWXRPQ2NuVTE5Zk9UTTFNVEUyT0RJdWFuQm5CanNHVkRvUlkyOXVkR1Z1ZEY5MGVYQmxTU0lQYVcxaFoyVXZhbkJsWndZN0JsUTZFWE5sY25acFkyVmZibUZ0WlRvS2JHOWpZV3c9IiwiZXhwIjoiMjAyMi0wNy0wM1QxMDoxOTo1Ni4yNzZaIiwicHVyIjoiYmxvYl9rZXkifX0=--bebe9a047a690d27ea7663d4cf849dc9f7f4cb02/S__93511682.jpg" for 133.55.113.240 at 2022-07-03 10:14:56 +0000
Cannot render console from 133.55.113.240! Allowed networks: 127.0.0.0/127.255.255.255, ::1
Processing by ActiveStorage::DiskController#show as JPEG
  Parameters: {"encoded_key"=>"[FILTERED]", "filename"=>"S__93511682"}
Completed 200 OK in 1ms (ActiveRecord: 0.0ms | Allocations: 299)


